This is pdfTeX, Version 3.141592653-2.6-1.40.27 (MiKTeX 25.3) (preloaded format=pdflatex 2025.3.31)  7 JUL 2025 09:06
entering extended mode
 restricted \write18 enabled.
 %&-line parsing enabled.
**./Recomendaciones-Alberto.tex
(Recomendaciones-Alberto.tex
LaTeX2e <2024-11-01> patch level 2
L3 programming layer <2025-01-18>

(C:\Users\alberto.martinez\AppData\Local\Programs\MiKTeX\tex/latex/base\report.
cls
Document Class: report 2024/06/29 v1.4n Standard LaTeX document class

(C:\Users\alberto.martinez\AppData\Local\Programs\MiKTeX\tex/latex/base\size12.
clo
File: size12.clo 2024/06/29 v1.4n Standard LaTeX file (size option)
)
\c@part=\count196
\c@chapter=\count197
\c@section=\count198
\c@subsection=\count199
\c@subsubsection=\count266
\c@paragraph=\count267
\c@subparagraph=\count268
\c@figure=\count269
\c@table=\count270
\abovecaptionskip=\skip49
\belowcaptionskip=\skip50
\bibindent=\dimen141
)
(C:\Users\alberto.martinez\AppData\Local\Programs\MiKTeX\tex/generic/babel\babe
l.sty
Package: babel 2025/03/10 v25.5 The multilingual framework for pdfLaTeX, LuaLaT
eX and XeLaTeX
\babel@savecnt=\count271
\U@D=\dimen142
\l@unhyphenated=\language79

(C:\Users\alberto.martinez\AppData\Local\Programs\MiKTeX\tex/generic/babel\txtb
abel.def)
\bbl@readstream=\read2
\bbl@dirlevel=\count272

*************************************
* Local config file bblopts.cfg used
*

(C:\Users\alberto.martinez\AppData\Local\Programs\MiKTeX\tex/latex/arabi\bblopt
s.cfg
File: bblopts.cfg 2005/09/08 v0.1 add Arabic and Farsi to "declared" options of
 babel
)
(C:\Users\alberto.martinez\AppData\Local\Programs\MiKTeX\tex/latex/babel-spanis
h\spanish.ldf
Language: spanish.ldf 2021/05/27 v5.0q Spanish support from the babel system
\es@quottoks=\toks17
\es@quotdepth=\count273
Package babel Info: Making " an active character on input line 570.
))
(C:\Users\alberto.martinez\AppData\Local\Programs\MiKTeX\tex/generic/babel/loca
le/es\babel-spanish.tex
Package babel Info: Importing font and identification data for spanish
(babel)             from babel-es.ini. Reported on input line 11.
)
(C:\Users\alberto.martinez\AppData\Local\Programs\MiKTeX\tex/latex/url\url.sty
\Urlmuskip=\muskip17
Package: url 2013/09/16  ver 3.4  Verb mode for urls, etc.
)
(C:\Users\alberto.martinez\AppData\Local\Programs\MiKTeX\tex/latex/tools\verbat
im.sty
Package: verbatim 2024-01-22 v1.5x LaTeX2e package for verbatim enhancements
\every@verbatim=\toks18
\verbatim@line=\toks19
\verbatim@in@stream=\read3
)
(C:\Users\alberto.martinez\AppData\Local\Programs\MiKTeX\tex/latex/sidecap\side
cap.sty
Package: sidecap 2023/01/24 v1.7a SideCap Package (RN/HjG)

(C:\Users\alberto.martinez\AppData\Local\Programs\MiKTeX\tex/latex/base\ifthen.
sty
Package: ifthen 2024/03/16 v1.1e Standard LaTeX ifthen package (DPC)
)
\SC@BOXWD=\dimen143
\SC@CAPWD=\dimen144
\SC@tempdima=\dimen145
\SC@tempdimb=\dimen146
\c@SC@C=\count274
\SC@BOX=\box52
)
(C:\Users\alberto.martinez\AppData\Local\Programs\MiKTeX\tex/latex/graphics\gra
phicx.sty
Package: graphicx 2021/09/16 v1.2d Enhanced LaTeX Graphics (DPC,SPQR)

(C:\Users\alberto.martinez\AppData\Local\Programs\MiKTeX\tex/latex/graphics\key
val.sty
Package: keyval 2022/05/29 v1.15 key=value parser (DPC)
\KV@toks@=\toks20
)
(C:\Users\alberto.martinez\AppData\Local\Programs\MiKTeX\tex/latex/graphics\gra
phics.sty
Package: graphics 2024/08/06 v1.4g Standard LaTeX Graphics (DPC,SPQR)

(C:\Users\alberto.martinez\AppData\Local\Programs\MiKTeX\tex/latex/graphics\tri
g.sty
Package: trig 2023/12/02 v1.11 sin cos tan (DPC)
)
(C:\Users\alberto.martinez\AppData\Local\Programs\MiKTeX\tex/latex/graphics-cfg
\graphics.cfg
File: graphics.cfg 2016/06/04 v1.11 sample graphics configuration
)
Package graphics Info: Driver file: pdftex.def on input line 106.

(C:\Users\alberto.martinez\AppData\Local\Programs\MiKTeX\tex/latex/graphics-def
\pdftex.def
File: pdftex.def 2024/04/13 v1.2c Graphics/color driver for pdftex
))
\Gin@req@height=\dimen147
\Gin@req@width=\dimen148
)
(C:\Users\alberto.martinez\AppData\Local\Programs\MiKTeX\tex/latex/float\float.
sty
Package: float 2001/11/08 v1.3d Float enhancements (AL)
\c@float@type=\count275
\float@exts=\toks21
\float@box=\box53
\@float@everytoks=\toks22
\@floatcapt=\box54
)
(C:\Users\alberto.martinez\AppData\Local\Programs\MiKTeX\tex/latex/caption\subc
aption.sty
Package: subcaption 2023/07/28 v1.6b Sub-captions (AR)

(C:\Users\alberto.martinez\AppData\Local\Programs\MiKTeX\tex/latex/caption\capt
ion.sty
Package: caption 2023/08/05 v3.6o Customizing captions (AR)

(C:\Users\alberto.martinez\AppData\Local\Programs\MiKTeX\tex/latex/caption\capt
ion3.sty
Package: caption3 2023/07/31 v2.4d caption3 kernel (AR)
\caption@tempdima=\dimen149
\captionmargin=\dimen150
\caption@leftmargin=\dimen151
\caption@rightmargin=\dimen152
\caption@width=\dimen153
\caption@indent=\dimen154
\caption@parindent=\dimen155
\caption@hangindent=\dimen156
Package caption Info: Standard document class detected.
)
\c@caption@flags=\count276
\c@continuedfloat=\count277
Package caption Info: float package is loaded.
Package caption Info: sidecap package is loaded.
)
Package caption Info: New subtype `subfigure' on input line 238.
\c@subfigure=\count278
Package caption Info: New subtype `subtable' on input line 238.
\c@subtable=\count279
)
(C:\Users\alberto.martinez\AppData\Local\Programs\MiKTeX\tex/latex/bookmark\boo
kmark.sty
Package: bookmark 2023-12-10 v1.31 PDF bookmarks (HO)

(C:\Users\alberto.martinez\AppData\Local\Programs\MiKTeX\tex/latex/hyperref\hyp
erref.sty
Package: hyperref 2024-11-05 v7.01l Hypertext links for LaTeX

(C:\Users\alberto.martinez\AppData\Local\Programs\MiKTeX\tex/generic/iftex\ifte
x.sty
Package: iftex 2024/12/12 v1.0g TeX engine tests
)
(C:\Users\alberto.martinez\AppData\Local\Programs\MiKTeX\tex/latex/kvsetkeys\kv
setkeys.sty
Package: kvsetkeys 2022-10-05 v1.19 Key value parser (HO)
)
(C:\Users\alberto.martinez\AppData\Local\Programs\MiKTeX\tex/generic/kvdefineke
ys\kvdefinekeys.sty
Package: kvdefinekeys 2019-12-19 v1.6 Define keys (HO)
)
(C:\Users\alberto.martinez\AppData\Local\Programs\MiKTeX\tex/generic/pdfescape\
pdfescape.sty
Package: pdfescape 2019/12/09 v1.15 Implements pdfTeX's escape features (HO)

(C:\Users\alberto.martinez\AppData\Local\Programs\MiKTeX\tex/generic/ltxcmds\lt
xcmds.sty
Package: ltxcmds 2023-12-04 v1.26 LaTeX kernel commands for general use (HO)
)
(C:\Users\alberto.martinez\AppData\Local\Programs\MiKTeX\tex/generic/pdftexcmds
\pdftexcmds.sty
Package: pdftexcmds 2020-06-27 v0.33 Utility functions of pdfTeX for LuaTeX (HO
)

(C:\Users\alberto.martinez\AppData\Local\Programs\MiKTeX\tex/generic/infwarerr\
infwarerr.sty
Package: infwarerr 2019/12/03 v1.5 Providing info/warning/error messages (HO)
)
Package pdftexcmds Info: \pdf@primitive is available.
Package pdftexcmds Info: \pdf@ifprimitive is available.
Package pdftexcmds Info: \pdfdraftmode found.
))
(C:\Users\alberto.martinez\AppData\Local\Programs\MiKTeX\tex/latex/hycolor\hyco
lor.sty
Package: hycolor 2020-01-27 v1.10 Color options for hyperref/bookmark (HO)
)
(C:\Users\alberto.martinez\AppData\Local\Programs\MiKTeX\tex/latex/hyperref\nam
eref.sty
Package: nameref 2023-11-26 v2.56 Cross-referencing by name of section

(C:\Users\alberto.martinez\AppData\Local\Programs\MiKTeX\tex/latex/refcount\ref
count.sty
Package: refcount 2019/12/15 v3.6 Data extraction from label references (HO)
)
(C:\Users\alberto.martinez\AppData\Local\Programs\MiKTeX\tex/generic/gettitlest
ring\gettitlestring.sty
Package: gettitlestring 2019/12/15 v1.6 Cleanup title references (HO)

(C:\Users\alberto.martinez\AppData\Local\Programs\MiKTeX\tex/latex/kvoptions\kv
options.sty
Package: kvoptions 2022-06-15 v3.15 Key value format for package options (HO)
))
\c@section@level=\count280
)
(C:\Users\alberto.martinez\AppData\Local\Programs\MiKTeX\tex/latex/etoolbox\eto
olbox.sty
Package: etoolbox 2025/02/11 v2.5l e-TeX tools for LaTeX (JAW)
\etb@tempcnta=\count281
)
(C:\Users\alberto.martinez\AppData\Local\Programs\MiKTeX\tex/generic/stringenc\
stringenc.sty
Package: stringenc 2019/11/29 v1.12 Convert strings between diff. encodings (HO
)
)
\@linkdim=\dimen157
\Hy@linkcounter=\count282
\Hy@pagecounter=\count283

(C:\Users\alberto.martinez\AppData\Local\Programs\MiKTeX\tex/latex/hyperref\pd1
enc.def
File: pd1enc.def 2024-11-05 v7.01l Hyperref: PDFDocEncoding definition (HO)
Now handling font encoding PD1 ...
... no UTF-8 mapping file for font encoding PD1
)
(C:\Users\alberto.martinez\AppData\Local\Programs\MiKTeX\tex/generic/intcalc\in
tcalc.sty
Package: intcalc 2019/12/15 v1.3 Expandable calculations with integers (HO)
)
\Hy@SavedSpaceFactor=\count284

(C:\Users\alberto.martinez\AppData\Local\Programs\MiKTeX\tex/latex/hyperref\pue
nc.def
File: puenc.def 2024-11-05 v7.01l Hyperref: PDF Unicode definition (HO)
Now handling font encoding PU ...
... no UTF-8 mapping file for font encoding PU
)
Package hyperref Info: Option `final' set `true' on input line 4040.
Package hyperref Info: Hyper figures OFF on input line 4157.
Package hyperref Info: Link nesting OFF on input line 4162.
Package hyperref Info: Hyper index ON on input line 4165.
Package hyperref Info: Plain pages OFF on input line 4172.
Package hyperref Info: Backreferencing OFF on input line 4177.
Package hyperref Info: Implicit mode ON; LaTeX internals redefined.
Package hyperref Info: Bookmarks ON on input line 4424.
\c@Hy@tempcnt=\count285
LaTeX Info: Redefining \url on input line 4763.
\XeTeXLinkMargin=\dimen158

(C:\Users\alberto.martinez\AppData\Local\Programs\MiKTeX\tex/generic/bitset\bit
set.sty
Package: bitset 2019/12/09 v1.3 Handle bit-vector datatype (HO)

(C:\Users\alberto.martinez\AppData\Local\Programs\MiKTeX\tex/generic/bigintcalc
\bigintcalc.sty
Package: bigintcalc 2019/12/15 v1.5 Expandable calculations on big integers (HO
)
))
\Fld@menulength=\count286
\Field@Width=\dimen159
\Fld@charsize=\dimen160
Package hyperref Info: Hyper figures OFF on input line 6042.
Package hyperref Info: Link nesting OFF on input line 6047.
Package hyperref Info: Hyper index ON on input line 6050.
Package hyperref Info: backreferencing OFF on input line 6057.
Package hyperref Info: Link coloring OFF on input line 6062.
Package hyperref Info: Link coloring with OCG OFF on input line 6067.
Package hyperref Info: PDF/A mode OFF on input line 6072.

(C:\Users\alberto.martinez\AppData\Local\Programs\MiKTeX\tex/latex/base\atbegsh
i-ltx.sty
Package: atbegshi-ltx 2021/01/10 v1.0c Emulation of the original atbegshi
package with kernel methods
)
\Hy@abspage=\count287
\c@Item=\count288
\c@Hfootnote=\count289
)
Package hyperref Info: Driver (autodetected): hpdftex.

(C:\Users\alberto.martinez\AppData\Local\Programs\MiKTeX\tex/latex/hyperref\hpd
ftex.def
File: hpdftex.def 2024-11-05 v7.01l Hyperref driver for pdfTeX

(C:\Users\alberto.martinez\AppData\Local\Programs\MiKTeX\tex/latex/base\atverye
nd-ltx.sty
Package: atveryend-ltx 2020/08/19 v1.0a Emulation of the original atveryend pac
kage
with kernel methods
)
\Fld@listcount=\count290
\c@bookmark@seq@number=\count291

(C:\Users\alberto.martinez\AppData\Local\Programs\MiKTeX\tex/latex/rerunfileche
ck\rerunfilecheck.sty
Package: rerunfilecheck 2022-07-10 v1.10 Rerun checks for auxiliary files (HO)

(C:\Users\alberto.martinez\AppData\Local\Programs\MiKTeX\tex/generic/uniquecoun
ter\uniquecounter.sty
Package: uniquecounter 2019/12/15 v1.4 Provide unlimited unique counter (HO)
)
Package uniquecounter Info: New unique counter `rerunfilecheck' on input line 2
85.
)
\Hy@SectionHShift=\skip51
)
(C:\Users\alberto.martinez\AppData\Local\Programs\MiKTeX\tex/latex/bookmark\bkm
-pdftex.def
File: bkm-pdftex.def 2023-12-10 v1.31 bookmark driver for pdfTeX and luaTeX (HO
)
\BKM@id=\count292
))
(C:\Users\alberto.martinez\AppData\Local\Programs\MiKTeX\tex/latex/listings\lis
tings.sty
\lst@mode=\count293
\lst@gtempboxa=\box55
\lst@token=\toks23
\lst@length=\count294
\lst@currlwidth=\dimen161
\lst@column=\count295
\lst@pos=\count296
\lst@lostspace=\dimen162
\lst@width=\dimen163
\lst@newlines=\count297
\lst@lineno=\count298
\lst@maxwidth=\dimen164

(C:\Users\alberto.martinez\AppData\Local\Programs\MiKTeX\tex/latex/listings\lst
patch.sty
File: lstpatch.sty 2024/09/23 1.10c (Carsten Heinz)
)
(C:\Users\alberto.martinez\AppData\Local\Programs\MiKTeX\tex/latex/listings\lst
misc.sty
File: lstmisc.sty 2024/09/23 1.10c (Carsten Heinz)
\c@lstnumber=\count299
\lst@skipnumbers=\count300
\lst@framebox=\box56
)
(C:\Users\alberto.martinez\AppData\Local\Programs\MiKTeX\tex/latex/listings\lis
tings.cfg
File: listings.cfg 2024/09/23 1.10c listings configuration
))
Package: listings 2024/09/23 1.10c (Carsten Heinz)

(C:\Users\alberto.martinez\AppData\Local\Programs\MiKTeX\tex/latex/amsmath\amsm
ath.sty
Package: amsmath 2024/11/05 v2.17t AMS math features
\@mathmargin=\skip52

For additional information on amsmath, use the `?' option.

(C:\Users\alberto.martinez\AppData\Local\Programs\MiKTeX\tex/latex/amsmath\amst
ext.sty
Package: amstext 2021/08/26 v2.01 AMS text

(C:\Users\alberto.martinez\AppData\Local\Programs\MiKTeX\tex/latex/amsmath\amsg
en.sty
File: amsgen.sty 1999/11/30 v2.0 generic functions
\@emptytoks=\toks24
\ex@=\dimen165
))
(C:\Users\alberto.martinez\AppData\Local\Programs\MiKTeX\tex/latex/amsmath\amsb
sy.sty
Package: amsbsy 1999/11/29 v1.2d Bold Symbols
\pmbraise@=\dimen166
)
(C:\Users\alberto.martinez\AppData\Local\Programs\MiKTeX\tex/latex/amsmath\amso
pn.sty
Package: amsopn 2022/04/08 v2.04 operator names
)
\inf@bad=\count301
LaTeX Info: Redefining \frac on input line 233.
\uproot@=\count302
\leftroot@=\count303
LaTeX Info: Redefining \overline on input line 398.
LaTeX Info: Redefining \colon on input line 409.
\classnum@=\count304
\DOTSCASE@=\count305
LaTeX Info: Redefining \ldots on input line 495.
LaTeX Info: Redefining \dots on input line 498.
LaTeX Info: Redefining \cdots on input line 619.
\Mathstrutbox@=\box57
\strutbox@=\box58
LaTeX Info: Redefining \big on input line 721.
LaTeX Info: Redefining \Big on input line 722.
LaTeX Info: Redefining \bigg on input line 723.
LaTeX Info: Redefining \Bigg on input line 724.
\big@size=\dimen167
LaTeX Font Info:    Redeclaring font encoding OML on input line 742.
LaTeX Font Info:    Redeclaring font encoding OMS on input line 743.
\macc@depth=\count306
LaTeX Info: Redefining \bmod on input line 904.
LaTeX Info: Redefining \pmod on input line 909.
LaTeX Info: Redefining \smash on input line 939.
LaTeX Info: Redefining \relbar on input line 969.
LaTeX Info: Redefining \Relbar on input line 970.
\c@MaxMatrixCols=\count307
\dotsspace@=\muskip18
\c@parentequation=\count308
\dspbrk@lvl=\count309
\tag@help=\toks25
\row@=\count310
\column@=\count311
\maxfields@=\count312
\andhelp@=\toks26
\eqnshift@=\dimen168
\alignsep@=\dimen169
\tagshift@=\dimen170
\tagwidth@=\dimen171
\totwidth@=\dimen172
\lineht@=\dimen173
\@envbody=\toks27
\multlinegap=\skip53
\multlinetaggap=\skip54
\mathdisplay@stack=\toks28
LaTeX Info: Redefining \[ on input line 2953.
LaTeX Info: Redefining \] on input line 2954.
)
(C:\Users\alberto.martinez\AppData\Local\Programs\MiKTeX\tex/latex/graphics\col
or.sty
Package: color 2024/06/23 v1.3e Standard LaTeX Color (DPC)

(C:\Users\alberto.martinez\AppData\Local\Programs\MiKTeX\tex/latex/graphics-cfg
\color.cfg
File: color.cfg 2016/01/02 v1.6 sample color configuration
)
Package color Info: Driver file: pdftex.def on input line 149.

(C:\Users\alberto.martinez\AppData\Local\Programs\MiKTeX\tex/latex/graphics\mat
hcolor.ltx))
(C:\Users\alberto.martinez\AppData\Local\Programs\MiKTeX\tex/latex/l3backend\l3
backend-pdftex.def
File: l3backend-pdftex.def 2024-05-08 L3 backend support: PDF output (pdfTeX)
\l__color_backend_stack_int=\count313
\l__pdf_internal_box=\box59
) (Recomendaciones-Alberto.aux
LaTeX Info: Redefining \. on input line 9.
LaTeX Info: Redefining \% on input line 9.
Package babel Info: 'spanish' activates 'spanish' shorthands.
(babel)             Reported  on input line 9.
)
\openout1 = `Recomendaciones-Alberto.aux'.

LaTeX Font Info:    Checking defaults for OML/cmm/m/it on input line 24.
LaTeX Font Info:    ... okay on input line 24.
LaTeX Font Info:    Checking defaults for OMS/cmsy/m/n on input line 24.
LaTeX Font Info:    ... okay on input line 24.
LaTeX Font Info:    Checking defaults for OT1/cmr/m/n on input line 24.
LaTeX Font Info:    ... okay on input line 24.
LaTeX Font Info:    Checking defaults for T1/cmr/m/n on input line 24.
LaTeX Font Info:    ... okay on input line 24.
LaTeX Font Info:    Checking defaults for TS1/cmr/m/n on input line 24.
LaTeX Font Info:    ... okay on input line 24.
LaTeX Font Info:    Checking defaults for OMX/cmex/m/n on input line 24.
LaTeX Font Info:    ... okay on input line 24.
LaTeX Font Info:    Checking defaults for U/cmr/m/n on input line 24.
LaTeX Font Info:    ... okay on input line 24.
LaTeX Font Info:    Checking defaults for PD1/pdf/m/n on input line 24.
LaTeX Font Info:    ... okay on input line 24.
LaTeX Font Info:    Checking defaults for PU/pdf/m/n on input line 24.
LaTeX Font Info:    ... okay on input line 24.
LaTeX Info: Redefining \. on input line 24.
LaTeX Info: Redefining \% on input line 24.

(C:\Users\alberto.martinez\AppData\Local\Programs\MiKTeX\tex/latex/ragged2e\rag
ged2e.sty
Package: ragged2e 2023/06/22 v3.6 ragged2e Package
\CenteringLeftskip=\skip55
\RaggedLeftLeftskip=\skip56
\RaggedRightLeftskip=\skip57
\CenteringRightskip=\skip58
\RaggedLeftRightskip=\skip59
\RaggedRightRightskip=\skip60
\CenteringParfillskip=\skip61
\RaggedLeftParfillskip=\skip62
\RaggedRightParfillskip=\skip63
\JustifyingParfillskip=\skip64
\CenteringParindent=\skip65
\RaggedLeftParindent=\skip66
\RaggedRightParindent=\skip67
\JustifyingParindent=\skip68
)
(C:\Users\alberto.martinez\AppData\Local\Programs\MiKTeX\tex/context/base/mkii\
supp-pdf.mkii
[Loading MPS to PDF converter (version 2006.09.02).]
\scratchcounter=\count314
\scratchdimen=\dimen174
\scratchbox=\box60
\nofMPsegments=\count315
\nofMParguments=\count316
\everyMPshowfont=\toks29
\MPscratchCnt=\count317
\MPscratchDim=\dimen175
\MPnumerator=\count318
\makeMPintoPDFobject=\count319
\everyMPtoPDFconversion=\toks30
)
(C:\Users\alberto.martinez\AppData\Local\Programs\MiKTeX\tex/latex/epstopdf-pkg
\epstopdf-base.sty
Package: epstopdf-base 2020-01-24 v2.11 Base part for package epstopdf

(C:\Users\alberto.martinez\AppData\Local\Programs\MiKTeX\tex/latex/grfext\grfex
t.sty
Package: grfext 2019/12/03 v1.3 Manage graphics extensions (HO)
)
Package epstopdf-base Info: Redefining graphics rule for `.eps' on input line 4
85.
Package grfext Info: Graphics extension search list:
(grfext)             [.pdf,.png,.jpg,.mps,.jpeg,.jbig2,.jb2,.PDF,.PNG,.JPG,.JPE
G,.JBIG2,.JB2,.eps]
(grfext)             \AppendGraphicsExtensions on input line 504.

(C:\Users\alberto.martinez\AppData\Local\Programs\MiKTeX\tex/latex/00miktex\eps
topdf-sys.cfg
File: epstopdf-sys.cfg 2021/03/18 v2.0 Configuration of epstopdf for MiKTeX
))
Package caption Info: Begin \AtBeginDocument code.
Package caption Info: hyperref package is loaded.
Package caption Info: listings package is loaded.
Package caption Info: End \AtBeginDocument code.
Package hyperref Info: Link coloring OFF on input line 24.
\c@lstlisting=\count320


[1

{C:/Users/alberto.martinez/AppData/Local/MiKTeX/fonts/map/pdftex/pdftex.map}] (
Recomendaciones-Alberto.toc
LaTeX Info: Redefining \. on input line 1.
LaTeX Info: Redefining \% on input line 1.



pdfTeX warning (ext4): destination with the same identifier (name{page.1}) has 
been already used, duplicate ignored
<to be read again> 
                   \relax 
l.18 ... {11}Publish Multiple PDF}{34}{chapter.11}
                                                  % [1

]

[2]

[3]

[4])
\tf@toc=\write3
\openout3 = `Recomendaciones-Alberto.toc'.



[5]

[6

]
Cap\'{\i }tulo 1.
<Imagenes/fe_dark_mode01.png, id=240, 904.88063pt x 703.12688pt>
File: Imagenes/fe_dark_mode01.png Graphic file (type png)
<use Imagenes/fe_dark_mode01.png>
Package pdftex.def Info: Imagenes/fe_dark_mode01.png  used on input line 40.
(pdftex.def)             Requested size: 331.50064pt x 257.58867pt.
<Imagenes/fe_dark_mode02.png, id=242, 904.88063pt x 703.12688pt>
File: Imagenes/fe_dark_mode02.png Graphic file (type png)
<use Imagenes/fe_dark_mode02.png>
Package pdftex.def Info: Imagenes/fe_dark_mode02.png  used on input line 47.
(pdftex.def)             Requested size: 331.50064pt x 257.58867pt.


[7

 <./Imagenes/fe_dark_mode01.png>]
<Imagenes/fe_dark_mode03.png, id=250, 694.09312pt x 569.87906pt>
File: Imagenes/fe_dark_mode03.png Graphic file (type png)
<use Imagenes/fe_dark_mode03.png>
Package pdftex.def Info: Imagenes/fe_dark_mode03.png  used on input line 54.
(pdftex.def)             Requested size: 331.50871pt x 272.18231pt.


[8 <./Imagenes/fe_dark_mode02.png>]

[9 <./Imagenes/fe_dark_mode03.png>]
Cap\'{\i }tulo 2.
<Imagenes/fe_prop_desc.png, id=263, 636.87938pt x 337.26pt>
File: Imagenes/fe_prop_desc.png Graphic file (type png)
<use Imagenes/fe_prop_desc.png>
Package pdftex.def Info: Imagenes/fe_prop_desc.png  used on input line 66.
(pdftex.def)             Requested size: 370.49814pt x 196.19759pt.
<Imagenes/fe_prop_desc_02.png, id=264, 256.70906pt x 338.76563pt>
File: Imagenes/fe_prop_desc_02.png Graphic file (type png)
<use Imagenes/fe_prop_desc_02.png>
Package pdftex.def Info: Imagenes/fe_prop_desc_02.png  used on input line 73.
(pdftex.def)             Requested size: 207.82742pt x 274.25908pt.


[10

 <./Imagenes/fe_prop_desc.png>]
<Imagenes/fe_prop_desc_03.png, id=271, 881.54344pt x 130.23656pt>
File: Imagenes/fe_prop_desc_03.png Graphic file (type png)
<use Imagenes/fe_prop_desc_03.png>
Package pdftex.def Info: Imagenes/fe_prop_desc_03.png  used on input line 80.
(pdftex.def)             Requested size: 370.5013pt x 54.73672pt.
<Imagenes/fe_prop_desc_04.png, id=272, 287.57437pt x 357.58594pt>
File: Imagenes/fe_prop_desc_04.png Graphic file (type png)
<use Imagenes/fe_prop_desc_04.png>
Package pdftex.def Info: Imagenes/fe_prop_desc_04.png  used on input line 87.
(pdftex.def)             Requested size: 220.56851pt x 274.26712pt.


[11 <./Imagenes/fe_prop_desc_02.png> <./Imagenes/fe_prop_desc_03.png>]
<Imagenes/fe_prop_desc_05.png, id=283, 337.26pt x 94.10156pt>
File: Imagenes/fe_prop_desc_05.png Graphic file (type png)
<use Imagenes/fe_prop_desc_05.png>
Package pdftex.def Info: Imagenes/fe_prop_desc_05.png  used on input line 94.
(pdftex.def)             Requested size: 331.5109pt x 92.49744pt.


[12 <./Imagenes/fe_prop_desc_04.png> <./Imagenes/fe_prop_desc_05.png>]
<Imagenes/fe_prop_desc_06.png, id=293, 710.655pt x 243.15843pt>
File: Imagenes/fe_prop_desc_06.png Graphic file (type png)
<use Imagenes/fe_prop_desc_06.png>
Package pdftex.def Info: Imagenes/fe_prop_desc_06.png  used on input line 105.
(pdftex.def)             Requested size: 370.50781pt x 126.77332pt.


[13

 <./Imagenes/fe_prop_desc_06.png>]
Cap\'{\i }tulo 3.
<Imagenes/fe_division_01.png, id=300, 243.15843pt x 110.66344pt>
File: Imagenes/fe_division_01.png Graphic file (type png)
<use Imagenes/fe_division_01.png>
Package pdftex.def Info: Imagenes/fe_division_01.png  used on input line 116.
(pdftex.def)             Requested size: 214.49951pt x 97.6205pt.
<Imagenes/fe_division_02.png, id=301, 239.39438pt x 210.03468pt>
File: Imagenes/fe_division_02.png Graphic file (type png)
<use Imagenes/fe_division_02.png>
Package pdftex.def Info: Imagenes/fe_division_02.png  used on input line 123.
(pdftex.def)             Requested size: 214.50319pt x 188.1962pt.


[14

 <./Imagenes/fe_division_01.png>]

[15 <./Imagenes/fe_division_02.png>]
<Imagenes/fe_division_03.png, id=314, 145.29282pt x 505.13719pt>
File: Imagenes/fe_division_03.png Graphic file (type png)
<use Imagenes/fe_division_03.png>
Package pdftex.def Info: Imagenes/fe_division_03.png  used on input line 134.
(pdftex.def)             Requested size: 118.32501pt x 411.37872pt.


[16

 <./Imagenes/fe_division_03.png>]

[17

]
Cap\'{\i }tulo 4.
<Imagenes/outlook_createfolders01.png, id=325, 250.68657pt x 363.60844pt>
File: Imagenes/outlook_createfolders01.png Graphic file (type png)
<use Imagenes/outlook_createfolders01.png>
Package pdftex.def Info: Imagenes/outlook_createfolders01.png  used on input li
ne 147.
(pdftex.def)             Requested size: 189.0855pt x 274.25916pt.
<Imagenes/outlook_createfolders02.png, id=326, 237.88875pt x 276.28218pt>
File: Imagenes/outlook_createfolders02.png Graphic file (type png)
<use Imagenes/outlook_createfolders02.png>
Package pdftex.def Info: Imagenes/outlook_createfolders02.png  used on input li
ne 154.
(pdftex.def)             Requested size: 212.5225pt x 246.82202pt.


[18

 <./Imagenes/outlook_createfolders01.png>]
<Imagenes/outlook_createfolders03.png, id=334, 172.39406pt x 137.7647pt>
File: Imagenes/outlook_createfolders03.png Graphic file (type png)
<use Imagenes/outlook_createfolders03.png>
Package pdftex.def Info: Imagenes/outlook_createfolders03.png  used on input li
ne 163.
(pdftex.def)             Requested size: 214.50296pt x 171.41502pt.


[19 <./Imagenes/outlook_createfolders02.png> <./Imagenes/outlook_createfolders0
3.png>]
Cap\'{\i }tulo 5.
<Imagenes/outlook_findrelated01.png, id=343, 416.30531pt x 541.27219pt>
File: Imagenes/outlook_findrelated01.png Graphic file (type png)
<use Imagenes/outlook_findrelated01.png>
Package pdftex.def Info: Imagenes/outlook_findrelated01.png  used on input line
 176.
(pdftex.def)             Requested size: 189.83846pt x 246.82433pt.


[20

 <./Imagenes/outlook_findrelated01.png>]
<Imagenes/outlook_findrelated02.png, id=350, 1227.08438pt x 764.8575pt>
File: Imagenes/outlook_findrelated02.png Graphic file (type png)
<use Imagenes/outlook_findrelated02.png>
Package pdftex.def Info: Imagenes/outlook_findrelated02.png  used on input line
 187.
(pdftex.def)             Requested size: 370.48735pt x 230.92953pt.


[21 <./Imagenes/outlook_findrelated02.png>]
Cap\'{\i }tulo 6.
<Imagenes/outlook_rules01.png, id=357, 467.49657pt x 539.01375pt>
File: Imagenes/outlook_rules01.png Graphic file (type png)
<use Imagenes/outlook_rules01.png>
Package pdftex.def Info: Imagenes/outlook_rules01.png  used on input line 200.
(pdftex.def)             Requested size: 214.07375pt x 246.82254pt.
<Imagenes/outlook_rules02.png, id=358, 263.48438pt x 222.8325pt>
File: Imagenes/outlook_rules02.png Graphic file (type png)
<use Imagenes/outlook_rules02.png>
Package pdftex.def Info: Imagenes/outlook_rules02.png  used on input line 207.
(pdftex.def)             Requested size: 227.00221pt x 191.97902pt.


[22

 <./Imagenes/outlook_rules01.png>]
<Imagenes/outlook_rules03.png, id=365, 452.4403pt x 536.75531pt>
File: Imagenes/outlook_rules03.png Graphic file (type png)
<use Imagenes/outlook_rules03.png>
Package pdftex.def Info: Imagenes/outlook_rules03.png  used on input line 217.
(pdftex.def)             Requested size: 161.82213pt x 191.97865pt.
<Imagenes/outlook_rules04.png, id=366, 328.97906pt x 211.54031pt>
File: Imagenes/outlook_rules04.png Graphic file (type png)
<use Imagenes/outlook_rules04.png>
Package pdftex.def Info: Imagenes/outlook_rules04.png  used on input line 224.
(pdftex.def)             Requested size: 292.5043pt x 188.08627pt.


[23 <./Imagenes/outlook_rules02.png> <./Imagenes/outlook_rules03.png>]
<Imagenes/outlook_rules05.png, id=375, 307.1475pt x 103.13531pt>
File: Imagenes/outlook_rules05.png Graphic file (type png)
<use Imagenes/outlook_rules05.png>
Package pdftex.def Info: Imagenes/outlook_rules05.png  used on input line 233.
(pdftex.def)             Requested size: 292.51959pt x 98.22346pt.
<Imagenes/outlook_rules06.png, id=376, 560.8453pt x 732.48656pt>
File: Imagenes/outlook_rules06.png Graphic file (type png)
<use Imagenes/outlook_rules06.png>
Package pdftex.def Info: Imagenes/outlook_rules06.png  used on input line 244.
(pdftex.def)             Requested size: 188.98187pt x 246.81793pt.


[24 <./Imagenes/outlook_rules04.png> <./Imagenes/outlook_rules05.png>]
<Imagenes/outlook_rules07.png, id=386, 434.37282pt x 358.33875pt>
File: Imagenes/outlook_rules07.png Graphic file (type png)
<use Imagenes/outlook_rules07.png>
Package pdftex.def Info: Imagenes/outlook_rules07.png  used on input line 251.
(pdftex.def)             Requested size: 232.71524pt x 191.98pt.


[25 <./Imagenes/outlook_rules06.png> <./Imagenes/outlook_rules07.png>]

[26

]
Cap\'{\i }tulo 7.
<Imagenes/autocad_display_resolution_01.png, id=399, 215.30438pt x 182.18062pt>

File: Imagenes/autocad_display_resolution_01.png Graphic file (type png)
<use Imagenes/autocad_display_resolution_01.png>
Package pdftex.def Info: Imagenes/autocad_display_resolution_01.png  used on in
put line 265.
(pdftex.def)             Requested size: 292.52754pt x 247.52327pt.
<Imagenes/autocad_display_resolution_02.png, id=400, 246.9225pt x 94.85437pt>
File: Imagenes/autocad_display_resolution_02.png Graphic file (type png)
<use Imagenes/autocad_display_resolution_02.png>
Package pdftex.def Info: Imagenes/autocad_display_resolution_02.png  used on in
put line 272.
(pdftex.def)             Requested size: 331.52245pt x 127.35312pt.


[27

 <./Imagenes/autocad_display_resolution_01.png>]
<Imagenes/autocad_display_resolution_03.png, id=407, 529.22719pt x 520.94624pt>

File: Imagenes/autocad_display_resolution_03.png Graphic file (type png)
<use Imagenes/autocad_display_resolution_03.png>
Package pdftex.def Info: Imagenes/autocad_display_resolution_03.png  used on in
put line 283.
(pdftex.def)             Requested size: 175.49881pt x 172.74744pt.
<Imagenes/autocad_display_resolution_04.png, id=408, 530.73282pt x 523.20468pt>

File: Imagenes/autocad_display_resolution_04.png Graphic file (type png)
<use Imagenes/autocad_display_resolution_04.png>
Package pdftex.def Info: Imagenes/autocad_display_resolution_04.png  used on in
put line 288.
(pdftex.def)             Requested size: 175.49881pt x 173.00934pt.


[28 <./Imagenes/autocad_display_resolution_02.png> <./Imagenes/autocad_display_
resolution_03.png> <./Imagenes/autocad_display_resolution_04.png>]
Cap\'{\i }tulo 8.
<Imagenes/autocad_background_01.png, id=419, 207.77625pt x 175.40532pt>
File: Imagenes/autocad_background_01.png Graphic file (type png)
<use Imagenes/autocad_background_01.png>
Package pdftex.def Info: Imagenes/autocad_background_01.png  used on input line
 301.
(pdftex.def)             Requested size: 292.53336pt x 246.9575pt.
<Imagenes/autocad_background_02.png, id=420, 531.48563pt x 433.62pt>
File: Imagenes/autocad_background_02.png Graphic file (type png)
<use Imagenes/autocad_background_02.png>
Package pdftex.def Info: Imagenes/autocad_background_02.png  used on input line
 308.
(pdftex.def)             Requested size: 253.50446pt x 206.82516pt.


[29

 <./Imagenes/autocad_background_01.png>]
<Imagenes/autocad_background_03.png, id=427, 423.08063pt x 407.27156pt>
File: Imagenes/autocad_background_03.png Graphic file (type png)
<use Imagenes/autocad_background_03.png>
Package pdftex.def Info: Imagenes/autocad_background_03.png  used on input line
 315.
(pdftex.def)             Requested size: 253.49527pt x 244.02301pt.


[30 <./Imagenes/autocad_background_02.png> <./Imagenes/autocad_background_03.pn
g>]
<Imagenes/autocad_background_04.png, id=437, 983.92593pt x 627.84563pt>
File: Imagenes/autocad_background_04.png Graphic file (type png)
<use Imagenes/autocad_background_04.png>
Package pdftex.def Info: Imagenes/autocad_background_04.png  used on input line
 326.
(pdftex.def)             Requested size: 331.49767pt x 211.5295pt.


[31

 <./Imagenes/autocad_background_04.png>]
Cap\'{\i }tulo 9.
<Imagenes/autocad_spacebar01.png, id=444, 112.16907pt x 101.62968pt>
File: Imagenes/autocad_spacebar01.png Graphic file (type png)
<use Imagenes/autocad_spacebar01.png>
Package pdftex.def Info: Imagenes/autocad_spacebar01.png  used on input line 33
9.
(pdftex.def)             Requested size: 253.52478pt x 229.70364pt.


[32

 <./Imagenes/autocad_spacebar01.png>]
Cap\'{\i }tulo 10.


[33

]
Cap\'{\i }tulo 11.
<Imagenes/autocad_publish_01.png, id=455, 194.97844pt x 171.64125pt>
File: Imagenes/autocad_publish_01.png Graphic file (type png)
<use Imagenes/autocad_publish_01.png>
Package pdftex.def Info: Imagenes/autocad_publish_01.png  used on input line 35
7.
(pdftex.def)             Requested size: 292.51155pt x 257.50049pt.
<Imagenes/autocad_publish_02.png, id=456, 581.17125pt x 496.10344pt>
File: Imagenes/autocad_publish_02.png Graphic file (type png)
<use Imagenes/autocad_publish_02.png>
Package pdftex.def Info: Imagenes/autocad_publish_02.png  used on input line 36
4.
(pdftex.def)             Requested size: 321.27687pt x 274.2506pt.


[34

 <./Imagenes/autocad_publish_01.png>]
<Imagenes/autocad_publish_03.png, id=463, 484.81125pt x 381.67593pt>
File: Imagenes/autocad_publish_03.png Graphic file (type png)
<use Imagenes/autocad_publish_03.png>
Package pdftex.def Info: Imagenes/autocad_publish_03.png  used on input line 37
1.
(pdftex.def)             Requested size: 331.51668pt x 260.99217pt.


[35 <./Imagenes/autocad_publish_02.png>]

[36 <./Imagenes/autocad_publish_03.png>]
<Imagenes/autocad_publish_04.png, id=477, 581.17125pt x 496.10344pt>
File: Imagenes/autocad_publish_04.png Graphic file (type png)
<use Imagenes/autocad_publish_04.png>
Package pdftex.def Info: Imagenes/autocad_publish_04.png  used on input line 38
7.
(pdftex.def)             Requested size: 321.27687pt x 274.2506pt.


[37 <./Imagenes/autocad_publish_04.png>]
Cap\'{\i }tulo 12.
<Imagenes/autocad_printdirectory_01.png, id=484, 484.81125pt x 381.67593pt>
File: Imagenes/autocad_printdirectory_01.png Graphic file (type png)
<use Imagenes/autocad_printdirectory_01.png>
Package pdftex.def Info: Imagenes/autocad_printdirectory_01.png  used on input 
line 399.
(pdftex.def)             Requested size: 331.51668pt x 260.99217pt.
<Imagenes/autocad_printdirectory_02.png, id=485, 484.81125pt x 381.67593pt>
File: Imagenes/autocad_printdirectory_02.png Graphic file (type png)
<use Imagenes/autocad_printdirectory_02.png>
Package pdftex.def Info: Imagenes/autocad_printdirectory_02.png  used on input 
line 408.
(pdftex.def)             Requested size: 331.51668pt x 260.99217pt.


[38

 <./Imagenes/autocad_printdirectory_01.png>]

[39 <./Imagenes/autocad_printdirectory_02.png>]
Cap\'{\i }tulo 13.
<Imagenes/autocad_ray01.png, id=498, 216.05719pt x 181.42781pt>
File: Imagenes/autocad_ray01.png Graphic file (type png)
<use Imagenes/autocad_ray01.png>
Package pdftex.def Info: Imagenes/autocad_ray01.png  used on input line 419.
(pdftex.def)             Requested size: 253.50786pt x 212.87595pt.
<Imagenes/autocad_ray02.png, id=499, 663.22781pt x 557.08125pt>
File: Imagenes/autocad_ray02.png Graphic file (type png)
<use Imagenes/autocad_ray02.png>
Package pdftex.def Info: Imagenes/autocad_ray02.png  used on input line 426.
(pdftex.def)             Requested size: 292.49918pt x 245.68604pt.


[40

 <./Imagenes/autocad_ray01.png>]
<Imagenes/autocad_ray03.png, id=506, 423.08063pt x 382.42876pt>
File: Imagenes/autocad_ray03.png Graphic file (type png)
<use Imagenes/autocad_ray03.png>
Package pdftex.def Info: Imagenes/autocad_ray03.png  used on input line 433.
(pdftex.def)             Requested size: 303.41705pt x 274.2631pt.


[41 <./Imagenes/autocad_ray02.png>]
<Imagenes/autocad_ray04.png, id=513, 521.69907pt x 277.035pt>
File: Imagenes/autocad_ray04.png Graphic file (type png)
<use Imagenes/autocad_ray04.png>
Package pdftex.def Info: Imagenes/autocad_ray04.png  used on input line 440.
(pdftex.def)             Requested size: 331.50607pt x 176.03786pt.


[42 <./Imagenes/autocad_ray03.png> <./Imagenes/autocad_ray04.png>]
Cap\'{\i }tulo 14.
<Imagenes/autocad_dimspace_01.png, id=523, 942.52126pt x 311.66437pt>
File: Imagenes/autocad_dimspace_01.png Graphic file (type png)
<use Imagenes/autocad_dimspace_01.png>
Package pdftex.def Info: Imagenes/autocad_dimspace_01.png  used on input line 4
52.
(pdftex.def)             Requested size: 331.49814pt x 109.61679pt.
<Imagenes/autocad_dimspace_02.png, id=524, 934.24031pt x 365.86688pt>
File: Imagenes/autocad_dimspace_02.png Graphic file (type png)
<use Imagenes/autocad_dimspace_02.png>
Package pdftex.def Info: Imagenes/autocad_dimspace_02.png  used on input line 4
59.
(pdftex.def)             Requested size: 331.50795pt x 129.82503pt.


[43

 <./Imagenes/autocad_dimspace_01.png>]
<Imagenes/autocad_dimspace_03.png, id=531, 955.31906pt x 224.33812pt>
File: Imagenes/autocad_dimspace_03.png Graphic file (type png)
<use Imagenes/autocad_dimspace_03.png>
Package pdftex.def Info: Imagenes/autocad_dimspace_03.png  used on input line 4
68.
(pdftex.def)             Requested size: 331.49501pt x 77.84515pt.


[44 <./Imagenes/autocad_dimspace_02.png> <./Imagenes/autocad_dimspace_03.png>]
Cap\'{\i }tulo 15.
<Imagenes/autocad_stretch01.png, id=540, 155.07938pt x 143.78719pt>
File: Imagenes/autocad_stretch01.png Graphic file (type png)
<use Imagenes/autocad_stretch01.png>
Package pdftex.def Info: Imagenes/autocad_stretch01.png  used on input line 481
.
(pdftex.def)             Requested size: 295.79913pt x 274.26039pt.
<Imagenes/autocad_stretch02.png, id=541, 564.60938pt x 374.14781pt>
File: Imagenes/autocad_stretch02.png Graphic file (type png)
<use Imagenes/autocad_stretch02.png>
Package pdftex.def Info: Imagenes/autocad_stretch02.png  used on input line 488
.
(pdftex.def)             Requested size: 331.50558pt x 219.67769pt.


[45

 <./Imagenes/autocad_stretch01.png>]
<Imagenes/autocad_stretch03.png, id=548, 559.33969pt x 471.26062pt>
File: Imagenes/autocad_stretch03.png Graphic file (type png)
<use Imagenes/autocad_stretch03.png>
Package pdftex.def Info: Imagenes/autocad_stretch03.png  used on input line 495
.
(pdftex.def)             Requested size: 325.5097pt x 274.25179pt.


[46 <./Imagenes/autocad_stretch02.png>]

[47 <./Imagenes/autocad_stretch03.png>]
Cap\'{\i }tulo 16.
<Imagenes/autocad_wipeout_01.png, id=561, 471.26062pt x 436.63126pt>
File: Imagenes/autocad_wipeout_01.png Graphic file (type png)
<use Imagenes/autocad_wipeout_01.png>
Package pdftex.def Info: Imagenes/autocad_wipeout_01.png  used on input line 50
8.
(pdftex.def)             Requested size: 253.499pt x 234.87128pt.


[48

 <./Imagenes/autocad_wipeout_01.png>]
Cap\'{\i }tulo 17.
<Imagenes/autocad_alias_01.png, id=569, 150.5625pt x 93.34875pt>
File: Imagenes/autocad_alias_01.png Graphic file (type png)
<use Imagenes/autocad_alias_01.png>
Package pdftex.def Info: Imagenes/autocad_alias_01.png  used on input line 520.

(pdftex.def)             Requested size: 253.52219pt x 157.18375pt.
<Imagenes/autocad_alias_02.png, id=570, 298.11375pt x 270.25969pt>
File: Imagenes/autocad_alias_02.png Graphic file (type png)
<use Imagenes/autocad_alias_02.png>
Package pdftex.def Info: Imagenes/autocad_alias_02.png  used on input line 527.

(pdftex.def)             Requested size: 292.51793pt x 265.1867pt.


[49

 <./Imagenes/autocad_alias_01.png>]
<Imagenes/autocad_alias_publish_01.png, id=577, 230.36063pt x 185.94469pt>
File: Imagenes/autocad_alias_publish_01.png Graphic file (type png)
<use Imagenes/autocad_alias_publish_01.png>
Package pdftex.def Info: Imagenes/autocad_alias_publish_01.png  used on input l
ine 537.
(pdftex.def)             Requested size: 292.51958pt x 236.11873pt.


[50 <./Imagenes/autocad_alias_02.png>]
<Imagenes/autocad_alias_publish_02.png, id=584, 145.29282pt x 92.59593pt>
File: Imagenes/autocad_alias_publish_02.png Graphic file (type png)
<use Imagenes/autocad_alias_publish_02.png>
Package pdftex.def Info: Imagenes/autocad_alias_publish_02.png  used on input l
ine 545.
(pdftex.def)             Requested size: 167.69714pt x 106.8815pt.
<Imagenes/autocad_alias_publish_03.png, id=585, 581.17125pt x 496.10344pt>
File: Imagenes/autocad_alias_publish_03.png Graphic file (type png)
<use Imagenes/autocad_alias_publish_03.png>
Package pdftex.def Info: Imagenes/autocad_alias_publish_03.png  used on input l
ine 550.
(pdftex.def)             Requested size: 175.49881pt x 149.80869pt.
<Imagenes/autocad_alias_copy_01.png, id=586, 230.36063pt x 185.94469pt>
File: Imagenes/autocad_alias_copy_01.png Graphic file (type png)
<use Imagenes/autocad_alias_copy_01.png>
Package pdftex.def Info: Imagenes/autocad_alias_copy_01.png  used on input line
 563.
(pdftex.def)             Requested size: 214.50029pt x 173.14238pt.


[51 <./Imagenes/autocad_alias_publish_01.png> <./Imagenes/autocad_alias_publish
_02.png> <./Imagenes/autocad_alias_publish_03.png>]
<Imagenes/autocad_alias_circle_01.png, id=596, 230.36063pt x 185.94469pt>
File: Imagenes/autocad_alias_circle_01.png Graphic file (type png)
<use Imagenes/autocad_alias_circle_01.png>
Package pdftex.def Info: Imagenes/autocad_alias_circle_01.png  used on input li
ne 575.
(pdftex.def)             Requested size: 214.50029pt x 173.14238pt.
<Imagenes/autocad_alias_mleader_01.png, id=597, 230.36063pt x 185.94469pt>
File: Imagenes/autocad_alias_mleader_01.png Graphic file (type png)
<use Imagenes/autocad_alias_mleader_01.png>
Package pdftex.def Info: Imagenes/autocad_alias_mleader_01.png  used on input l
ine 586.
(pdftex.def)             Requested size: 214.50029pt x 173.14238pt.


[52 <./Imagenes/autocad_alias_copy_01.png> <./Imagenes/autocad_alias_circle_01.
png>]
<Imagenes/autocad_alias_quitmodelspace.png, id=606, 230.36063pt x 185.94469pt>
File: Imagenes/autocad_alias_quitmodelspace.png Graphic file (type png)
<use Imagenes/autocad_alias_quitmodelspace.png>
Package pdftex.def Info: Imagenes/autocad_alias_quitmodelspace.png  used on inp
ut line 597.
(pdftex.def)             Requested size: 214.50029pt x 173.14238pt.
<Imagenes/autocad_alias_ray.png, id=607, 230.36063pt x 185.94469pt>
File: Imagenes/autocad_alias_ray.png Graphic file (type png)
<use Imagenes/autocad_alias_ray.png>
Package pdftex.def Info: Imagenes/autocad_alias_ray.png  used on input line 608
.
(pdftex.def)             Requested size: 214.50029pt x 173.14238pt.


[53 <./Imagenes/autocad_alias_mleader_01.png> <./Imagenes/autocad_alias_quitmod
elspace.png>]
<Imagenes/autocad_alias_lineardimension.png, id=616, 230.36063pt x 185.94469pt>

File: Imagenes/autocad_alias_lineardimension.png Graphic file (type png)
<use Imagenes/autocad_alias_lineardimension.png>
Package pdftex.def Info: Imagenes/autocad_alias_lineardimension.png  used on in
put line 619.
(pdftex.def)             Requested size: 214.50029pt x 173.14238pt.
<Imagenes/autocad_alias_layeroptions_01.png, id=617, 230.36063pt x 185.94469pt>

File: Imagenes/autocad_alias_layeroptions_01.png Graphic file (type png)
<use Imagenes/autocad_alias_layeroptions_01.png>
Package pdftex.def Info: Imagenes/autocad_alias_layeroptions_01.png  used on in
put line 632.
(pdftex.def)             Requested size: 214.50029pt x 173.14238pt.


[54 <./Imagenes/autocad_alias_ray.png> <./Imagenes/autocad_alias_lineardimensio
n.png>]
<Imagenes/autocad_alias_layeroptions_02.png, id=627, 230.36063pt x 185.94469pt>

File: Imagenes/autocad_alias_layeroptions_02.png Graphic file (type png)
<use Imagenes/autocad_alias_layeroptions_02.png>
Package pdftex.def Info: Imagenes/autocad_alias_layeroptions_02.png  used on in
put line 641.
(pdftex.def)             Requested size: 214.50029pt x 173.14238pt.
<Imagenes/autocad_alias_layeroptions_03.png, id=628, 230.36063pt x 185.94469pt>

File: Imagenes/autocad_alias_layeroptions_03.png Graphic file (type png)
<use Imagenes/autocad_alias_layeroptions_03.png>
Package pdftex.def Info: Imagenes/autocad_alias_layeroptions_03.png  used on in
put line 649.
(pdftex.def)             Requested size: 214.50029pt x 173.14238pt.


[55 <./Imagenes/autocad_alias_layeroptions_01.png> <./Imagenes/autocad_alias_la
yeroptions_02.png>]
<Imagenes/autocad_alias_layeroptions_04.png, id=637, 230.36063pt x 185.94469pt>

File: Imagenes/autocad_alias_layeroptions_04.png Graphic file (type png)
<use Imagenes/autocad_alias_layeroptions_04.png>
Package pdftex.def Info: Imagenes/autocad_alias_layeroptions_04.png  used on in
put line 658.
(pdftex.def)             Requested size: 214.50029pt x 173.14238pt.


[56 <./Imagenes/autocad_alias_layeroptions_03.png> <./Imagenes/autocad_alias_la
yeroptions_04.png>]
Cap\'{\i }tulo 18.
<Imagenes/autocad_rightclickmenu01.png, id=646, 238.64156pt x 380.17032pt>
File: Imagenes/autocad_rightclickmenu01.png Graphic file (type png)
<use Imagenes/autocad_rightclickmenu01.png>
Package pdftex.def Info: Imagenes/autocad_rightclickmenu01.png  used on input l
ine 670.
(pdftex.def)             Requested size: 154.94037pt x 246.82933pt.


[57

 <./Imagenes/autocad_rightclickmenu01.png>]
Cap\'{\i }tulo 19.

Overfull \hbox (1.18884pt too wide) in paragraph at lines 684--685
[]\OT1/cmr/m/n/12 El ar-chi-vo se en-cuen-tra en $\OT1/cmtt/m/n/12 \ \ intrades
erver \ Ingenieria \ 13 Usuarios \
 []

<Imagenes/autocad_measuregeom01.png, id=653, 540.51938pt x 88.07906pt>
File: Imagenes/autocad_measuregeom01.png Graphic file (type png)
<use Imagenes/autocad_measuregeom01.png>
Package pdftex.def Info: Imagenes/autocad_measuregeom01.png  used on input line
 688.
(pdftex.def)             Requested size: 370.50922pt x 60.37544pt.
<Imagenes/autocad_measuregeom02.png, id=654, 389.20406pt x 402.75468pt>
File: Imagenes/autocad_measuregeom02.png Graphic file (type png)
<use Imagenes/autocad_measuregeom02.png>
Package pdftex.def Info: Imagenes/autocad_measuregeom02.png  used on input line
 695.
(pdftex.def)             Requested size: 265.02345pt x 274.25058pt.


[58

 <./Imagenes/autocad_measuregeom01.png>]
<Imagenes/autocad_measuregeom03.png, id=662, 255.95625pt x 201.75375pt>
File: Imagenes/autocad_measuregeom03.png Graphic file (type png)
<use Imagenes/autocad_measuregeom03.png>
Package pdftex.def Info: Imagenes/autocad_measuregeom03.png  used on input line
 702.
(pdftex.def)             Requested size: 253.499pt x 199.81686pt.
<Imagenes/autocad_measuregeom04.png, id=663, 327.47343pt x 179.92218pt>
File: Imagenes/autocad_measuregeom04.png Graphic file (type png)
<use Imagenes/autocad_measuregeom04.png>
Package pdftex.def Info: Imagenes/autocad_measuregeom04.png  used on input line
 709.
(pdftex.def)             Requested size: 331.50508pt x 182.13725pt.


[59 <./Imagenes/autocad_measuregeom02.png> <./Imagenes/autocad_measuregeom03.pn
g>]
<Imagenes/autocad_measuregeom05.png, id=672, 435.87843pt x 271.0125pt>
File: Imagenes/autocad_measuregeom05.png Graphic file (type png)
<use Imagenes/autocad_measuregeom05.png>
Package pdftex.def Info: Imagenes/autocad_measuregeom05.png  used on input line
 716.
(pdftex.def)             Requested size: 331.50383pt x 206.11636pt.
<Imagenes/autocad_dimedithome_01.png, id=673, 700.86844pt x 234.1247pt>
File: Imagenes/autocad_dimedithome_01.png Graphic file (type png)
<use Imagenes/autocad_dimedithome_01.png>
Package pdftex.def Info: Imagenes/autocad_dimedithome_01.png  used on input lin
e 726.
(pdftex.def)             Requested size: 253.49951pt x 84.68137pt.


[60 <./Imagenes/autocad_measuregeom04.png> <./Imagenes/autocad_measuregeom05.pn
g>]
<Imagenes/autocad_dimedithome_02.png, id=683, 721.94719pt x 250.68657pt>
File: Imagenes/autocad_dimedithome_02.png Graphic file (type png)
<use Imagenes/autocad_dimedithome_02.png>
Package pdftex.def Info: Imagenes/autocad_dimedithome_02.png  used on input lin
e 733.
(pdftex.def)             Requested size: 253.48947pt x 88.02084pt.
<Imagenes/autocad_dimedithome_03.png, id=684, 707.64375pt x 211.54031pt>
File: Imagenes/autocad_dimedithome_03.png Graphic file (type png)
<use Imagenes/autocad_dimedithome_03.png>
Package pdftex.def Info: Imagenes/autocad_dimedithome_03.png  used on input lin
e 742.
(pdftex.def)             Requested size: 253.48822pt x 75.77678pt.
<Imagenes/autocad_mmapulgadas_01.png, id=685, 178.41656pt x 100.87688pt>
File: Imagenes/autocad_mmapulgadas_01.png Graphic file (type png)
<use Imagenes/autocad_mmapulgadas_01.png>
Package pdftex.def Info: Imagenes/autocad_mmapulgadas_01.png  used on input lin
e 753.
(pdftex.def)             Requested size: 253.51115pt x 143.33542pt.


[61 <./Imagenes/autocad_dimedithome_01.png> <./Imagenes/autocad_dimedithome_02.
png> <./Imagenes/autocad_dimedithome_03.png>]
<Imagenes/autocad_mmapulgadas_02.png, id=696, 239.39438pt x 100.87688pt>
File: Imagenes/autocad_mmapulgadas_02.png Graphic file (type png)
<use Imagenes/autocad_mmapulgadas_02.png>
Package pdftex.def Info: Imagenes/autocad_mmapulgadas_02.png  used on input lin
e 760.
(pdftex.def)             Requested size: 253.49747pt x 106.81967pt.
<Imagenes/autocad_mmapulgadas_03.png, id=697, 151.3153pt x 71.51718pt>
File: Imagenes/autocad_mmapulgadas_03.png Graphic file (type png)
<use Imagenes/autocad_mmapulgadas_03.png>
Package pdftex.def Info: Imagenes/autocad_mmapulgadas_03.png  used on input lin
e 769.
(pdftex.def)             Requested size: 253.50145pt x 119.8141pt.


[62 <./Imagenes/autocad_mmapulgadas_01.png> <./Imagenes/autocad_mmapulgadas_02.
png> <./Imagenes/autocad_mmapulgadas_03.png>]
<Imagenes/autocad_cbp_01.png, id=708, 713.66624pt x 377.15906pt>
File: Imagenes/autocad_cbp_01.png Graphic file (type png)
<use Imagenes/autocad_cbp_01.png>
Package pdftex.def Info: Imagenes/autocad_cbp_01.png  used on input line 788.
(pdftex.def)             Requested size: 272.99881pt x 144.2715pt.
<Imagenes/autocad_cbp_02.png, id=709, 749.04843pt x 368.1253pt>
File: Imagenes/autocad_cbp_02.png Graphic file (type png)
<use Imagenes/autocad_cbp_02.png>
Package pdftex.def Info: Imagenes/autocad_cbp_02.png  used on input line 795.
(pdftex.def)             Requested size: 272.99881pt x 134.1652pt.
<Imagenes/autocad_cbp_03.png, id=710, 735.49782pt x 371.88937pt>
File: Imagenes/autocad_cbp_03.png Graphic file (type png)
<use Imagenes/autocad_cbp_03.png>
Package pdftex.def Info: Imagenes/autocad_cbp_03.png  used on input line 802.
(pdftex.def)             Requested size: 272.99881pt x 138.03952pt.


[63 <./Imagenes/autocad_cbp_01.png> <./Imagenes/autocad_cbp_02.png>]

[64 <./Imagenes/autocad_cbp_03.png>]

[65

]
Cap\'{\i }tulo 20.
<Imagenes/solidworks_dark_mode01.png, id=729, 820.56563pt x 575.90157pt>
File: Imagenes/solidworks_dark_mode01.png Graphic file (type png)
<use Imagenes/solidworks_dark_mode01.png>
Package pdftex.def Info: Imagenes/solidworks_dark_mode01.png  used on input lin
e 816.
(pdftex.def)             Requested size: 370.49068pt x 260.02327pt.


[66

 <./Imagenes/solidworks_dark_mode01.png>]
<Imagenes/solidworks_dark_mode02.png, id=737, 1445.4pt x 782.925pt>
File: Imagenes/solidworks_dark_mode02.png Graphic file (type png)
<use Imagenes/solidworks_dark_mode02.png>
Package pdftex.def Info: Imagenes/solidworks_dark_mode02.png  used on input lin
e 829.
(pdftex.def)             Requested size: 370.50194pt x 200.68855pt.


[67 <./Imagenes/solidworks_dark_mode02.png>]
Cap\'{\i }tulo 21.
<Imagenes/solidworks_shortcutbars_01.png, id=744, 673.76718pt x 82.05656pt>
File: Imagenes/solidworks_shortcutbars_01.png Graphic file (type png)
<use Imagenes/solidworks_shortcutbars_01.png>
Package pdftex.def Info: Imagenes/solidworks_shortcutbars_01.png  used on input
 line 841.
(pdftex.def)             Requested size: 370.50113pt x 45.12247pt.
<Imagenes/solidworks_shortcutbars_02.png, id=745, 485.56406pt x 497.60907pt>
File: Imagenes/solidworks_shortcutbars_02.png Graphic file (type png)
<use Imagenes/solidworks_shortcutbars_02.png>
Package pdftex.def Info: Imagenes/solidworks_shortcutbars_02.png  used on input
 line 848.
(pdftex.def)             Requested size: 267.61673pt x 274.2553pt.


[68

 <./Imagenes/solidworks_shortcutbars_01.png>]

[69 <./Imagenes/solidworks_shortcutbars_02.png>]
<Imagenes/solidworks_shortcutbars_03.png, id=758, 147.55125pt x 100.87688pt>
File: Imagenes/solidworks_shortcutbars_03.png Graphic file (type png)
<use Imagenes/solidworks_shortcutbars_03.png>
Package pdftex.def Info: Imagenes/solidworks_shortcutbars_03.png  used on input
 line 872.
(pdftex.def)             Requested size: 175.5026pt x 119.98647pt.
<Imagenes/solidworks_shortcutbars_04.png, id=759, 124.96687pt x 124.96687pt>
File: Imagenes/solidworks_shortcutbars_04.png Graphic file (type png)
<use Imagenes/solidworks_shortcutbars_04.png>
Package pdftex.def Info: Imagenes/solidworks_shortcutbars_04.png  used on input
 line 893.
(pdftex.def)             Requested size: 136.51628pt x 136.51628pt.


[70 <./Imagenes/solidworks_shortcutbars_03.png>]
<Imagenes/solidworks_shortcutbars_05.png, id=766, 136.25906pt x 149.05687pt>
File: Imagenes/solidworks_shortcutbars_05.png Graphic file (type png)
<use Imagenes/solidworks_shortcutbars_05.png>
Package pdftex.def Info: Imagenes/solidworks_shortcutbars_05.png  used on input
 line 920.
(pdftex.def)             Requested size: 175.50876pt x 191.99303pt.


[71 <./Imagenes/solidworks_shortcutbars_04.png>]

[72 <./Imagenes/solidworks_shortcutbars_05.png>]
<Imagenes/solidworks_shortcutbars_06.png, id=780, 136.25906pt x 173.14688pt>
File: Imagenes/solidworks_shortcutbars_06.png Graphic file (type png)
<use Imagenes/solidworks_shortcutbars_06.png>
Package pdftex.def Info: Imagenes/solidworks_shortcutbars_06.png  used on input
 line 951.
(pdftex.def)             Requested size: 175.50876pt x 223.02222pt.
<Imagenes/solidworks_shortcutbars_07.png, id=781, 584.93532pt x 562.35094pt>
File: Imagenes/solidworks_shortcutbars_07.png Graphic file (type png)
<use Imagenes/solidworks_shortcutbars_07.png>
Package pdftex.def Info: Imagenes/solidworks_shortcutbars_07.png  used on input
 line 967.
(pdftex.def)             Requested size: 285.26414pt x 274.25009pt.


[73 <./Imagenes/solidworks_shortcutbars_06.png>]

[74 <./Imagenes/solidworks_shortcutbars_07.png>]
Cap\'{\i }tulo 22.
<Imagenes/solidworks_keyboard_01.png, id=794, 485.56406pt x 497.60907pt>
File: Imagenes/solidworks_keyboard_01.png Graphic file (type png)
<use Imagenes/solidworks_keyboard_01.png>
Package pdftex.def Info: Imagenes/solidworks_keyboard_01.png  used on input lin
e 980.
(pdftex.def)             Requested size: 331.498pt x 339.72122pt.


[75

]
<Imagenes/solidworks_keyboard_02.png, id=799, 485.56406pt x 497.60907pt>
File: Imagenes/solidworks_keyboard_02.png Graphic file (type png)
<use Imagenes/solidworks_keyboard_02.png>
Package pdftex.def Info: Imagenes/solidworks_keyboard_02.png  used on input lin
e 989.
(pdftex.def)             Requested size: 331.498pt x 339.72122pt.


[76 <./Imagenes/solidworks_keyboard_01.png>]
<Imagenes/solidworks_keyboard_03.png, id=806, 485.56406pt x 497.60907pt>
File: Imagenes/solidworks_keyboard_03.png Graphic file (type png)
<use Imagenes/solidworks_keyboard_03.png>
Package pdftex.def Info: Imagenes/solidworks_keyboard_03.png  used on input lin
e 998.
(pdftex.def)             Requested size: 331.498pt x 339.72122pt.


[77 <./Imagenes/solidworks_keyboard_02.png>]
<Imagenes/solidworks_keyboard_04.png, id=813, 485.56406pt x 497.60907pt>
File: Imagenes/solidworks_keyboard_04.png Graphic file (type png)
<use Imagenes/solidworks_keyboard_04.png>
Package pdftex.def Info: Imagenes/solidworks_keyboard_04.png  used on input lin
e 1007.
(pdftex.def)             Requested size: 331.498pt x 339.72122pt.


[78 <./Imagenes/solidworks_keyboard_03.png>]

[79 <./Imagenes/solidworks_keyboard_04.png>]
Cap\'{\i }tulo 23.
<Imagenes/solidworks_contextmenu_01.png, id=827, 570.63188pt x 202.50656pt>
File: Imagenes/solidworks_contextmenu_01.png Graphic file (type png)
<use Imagenes/solidworks_contextmenu_01.png>
Package pdftex.def Info: Imagenes/solidworks_contextmenu_01.png  used on input 
line 1020.
(pdftex.def)             Requested size: 331.49786pt x 117.64236pt.


[80

 <./Imagenes/solidworks_contextmenu_01.png>]
<Imagenes/solidworks_contextmenu_02.png, id=833, 164.11313pt x 102.3825pt>
File: Imagenes/solidworks_contextmenu_02.png Graphic file (type png)
<use Imagenes/solidworks_contextmenu_02.png>
Package pdftex.def Info: Imagenes/solidworks_contextmenu_02.png  used on input 
line 1039.
(pdftex.def)             Requested size: 214.50395pt x 133.81897pt.
<Imagenes/solidworks_contextmenu_03.png, id=834, 219.82124pt x 366.61969pt>
File: Imagenes/solidworks_contextmenu_03.png Graphic file (type png)
<use Imagenes/solidworks_contextmenu_03.png>
Package pdftex.def Info: Imagenes/solidworks_contextmenu_03.png  used on input 
line 1048.
(pdftex.def)             Requested size: 164.44624pt x 274.26482pt.


[81 <./Imagenes/solidworks_contextmenu_02.png>]
<Imagenes/solidworks_contextmenu_04.png, id=841, 234.8775pt x 73.77562pt>
File: Imagenes/solidworks_contextmenu_04.png Graphic file (type png)
<use Imagenes/solidworks_contextmenu_04.png>
Package pdftex.def Info: Imagenes/solidworks_contextmenu_04.png  used on input 
line 1064.
(pdftex.def)             Requested size: 292.49947pt x 91.8748pt.


[82 <./Imagenes/solidworks_contextmenu_03.png>]

[83 <./Imagenes/solidworks_contextmenu_04.png>]
Cap\'{\i }tulo 24.
<Imagenes/solidworks_contextrightclick01.png, id=853, 715.17188pt x 573.64313pt
>
File: Imagenes/solidworks_contextrightclick01.png Graphic file (type png)
<use Imagenes/solidworks_contextrightclick01.png>
Package pdftex.def Info: Imagenes/solidworks_contextrightclick01.png  used on i
nput line 1075.
(pdftex.def)             Requested size: 331.50386pt x 265.901pt.


[84

 <./Imagenes/solidworks_contextrightclick01.png>]
Cap\'{\i }tulo 25.
<Imagenes/solidworks_mousegestures_01.png, id=861, 887.56593pt x 503.63156pt>
File: Imagenes/solidworks_mousegestures_01.png Graphic file (type png)
<use Imagenes/solidworks_mousegestures_01.png>
Package pdftex.def Info: Imagenes/solidworks_mousegestures_01.png  used on inpu
t line 1087.
(pdftex.def)             Requested size: 370.48636pt x 210.22508pt.


[85

 <./Imagenes/solidworks_mousegestures_01.png>]
Cap\'{\i }tulo 26.
<Imagenes/solidworks_breadcrumbs_01.png, id=868, 600.74437pt x 626.34pt>
File: Imagenes/solidworks_breadcrumbs_01.png Graphic file (type png)
<use Imagenes/solidworks_breadcrumbs_01.png>
Package pdftex.def Info: Imagenes/solidworks_breadcrumbs_01.png  used on input 
line 1101.
(pdftex.def)             Requested size: 292.5065pt x 304.96918pt.


[86

]
<Imagenes/solidworks_breadcrumbs_02.png, id=873, 505.89pt x 626.34pt>
File: Imagenes/solidworks_breadcrumbs_02.png Graphic file (type png)
<use Imagenes/solidworks_breadcrumbs_02.png>
Package pdftex.def Info: Imagenes/solidworks_breadcrumbs_02.png  used on input 
line 1108.
(pdftex.def)             Requested size: 199.35733pt x 246.82336pt.


[87 <./Imagenes/solidworks_breadcrumbs_01.png>]

[88 <./Imagenes/solidworks_breadcrumbs_02.png>]
Cap\'{\i }tulo 27.
<Imagenes/solidworks_quickmates_01.png, id=884, 319.1925pt x 250.68657pt>
File: Imagenes/solidworks_quickmates_01.png Graphic file (type png)
<use Imagenes/solidworks_quickmates_01.png>
Package pdftex.def Info: Imagenes/solidworks_quickmates_01.png  used on input l
ine 1120.
(pdftex.def)             Requested size: 331.50427pt x 260.35596pt.


[89

 <./Imagenes/solidworks_quickmates_01.png>]
Cap\'{\i }tulo 28.
<Imagenes/solidworks_quickhide_01.png, id=891, 583.42969pt x 524.71031pt>
File: Imagenes/solidworks_quickhide_01.png Graphic file (type png)
<use Imagenes/solidworks_quickhide_01.png>
Package pdftex.def Info: Imagenes/solidworks_quickhide_01.png  used on input li
ne 1134.
(pdftex.def)             Requested size: 175.49881pt x 157.83063pt.
<Imagenes/solidworks_quickhide_02.png, id=892, 593.96906pt x 532.99126pt>
File: Imagenes/solidworks_quickhide_02.png Graphic file (type png)
<use Imagenes/solidworks_quickhide_02.png>
Package pdftex.def Info: Imagenes/solidworks_quickhide_02.png  used on input li
ne 1139.
(pdftex.def)             Requested size: 175.49881pt x 157.48317pt.
<Imagenes/solidworks_quickhide_03.png, id=893, 298.11375pt x 663.98062pt>
File: Imagenes/solidworks_quickhide_03.png Graphic file (type png)
<use Imagenes/solidworks_quickhide_03.png>
Package pdftex.def Info: Imagenes/solidworks_quickhide_03.png  used on input li
ne 1148.
(pdftex.def)             Requested size: 184.70125pt x 411.38004pt.


[90

 <./Imagenes/solidworks_quickhide_01.png> <./Imagenes/solidworks_quickhide_02.p
ng>]

[91 <./Imagenes/solidworks_quickhide_03.png>]
Cap\'{\i }tulo 29.
<Imagenes/solidworks_treedisplay01.png, id=908, 431.36156pt x 641.39626pt>
File: Imagenes/solidworks_treedisplay01.png Graphic file (type png)
<use Imagenes/solidworks_treedisplay01.png>
Package pdftex.def Info: Imagenes/solidworks_treedisplay01.png  used on input l
ine 1160.
(pdftex.def)             Requested size: 184.4419pt x 274.24867pt.

Underfull \hbox (badness 10000) in paragraph at lines 1161--1161
[]\OT1/cmr/m/n/12 Figura 29.1: |Click-derecho en el en-sam-ble su-pe-rior\TS1/c
mr/m/n/12 ^^Y\OT1/cmr/m/n/12 Tree Dis-
 []



[92

]
<Imagenes/solidworks_treedisplay02.png, id=913, 418.56375pt x 264.99pt>
File: Imagenes/solidworks_treedisplay02.png Graphic file (type png)
<use Imagenes/solidworks_treedisplay02.png>
Package pdftex.def Info: Imagenes/solidworks_treedisplay02.png  used on input l
ine 1167.
(pdftex.def)             Requested size: 331.4984pt x 209.86949pt.


[93 <./Imagenes/solidworks_treedisplay01.png>]
<Imagenes/solidworks_treedisplay03.png, id=920, 1174.3875pt x 599.23875pt>
File: Imagenes/solidworks_treedisplay03.png Graphic file (type png)
<use Imagenes/solidworks_treedisplay03.png>
Package pdftex.def Info: Imagenes/solidworks_treedisplay03.png  used on input l
ine 1174.
(pdftex.def)             Requested size: 331.49629pt x 169.1481pt.


[94 <./Imagenes/solidworks_treedisplay02.png> <./Imagenes/solidworks_treedispla
y03.png>]
Cap\'{\i }tulo 30.
<Imagenes/solidworks_componentpreview_01.png, id=929, 313.17pt x 171.64125pt>
File: Imagenes/solidworks_componentpreview_01.png Graphic file (type png)
<use Imagenes/solidworks_componentpreview_01.png>
Package pdftex.def Info: Imagenes/solidworks_componentpreview_01.png  used on i
nput line 1189.
(pdftex.def)             Requested size: 331.51419pt x 181.69527pt.
<Imagenes/solidworks_componentpreview_02.png, id=930, 136.25906pt x 129.48375pt
>
File: Imagenes/solidworks_componentpreview_02.png Graphic file (type png)
<use Imagenes/solidworks_componentpreview_02.png>
Package pdftex.def Info: Imagenes/solidworks_componentpreview_02.png  used on i
nput line 1196.
(pdftex.def)             Requested size: 175.50876pt x 166.7818pt.


[95

 <./Imagenes/solidworks_componentpreview_01.png>]
<Imagenes/solidworks_componentpreview_03.png, id=937, 436.905pt x 236.52pt>
File: Imagenes/solidworks_componentpreview_03.png Graphic file (type png)
<use Imagenes/solidworks_componentpreview_03.png>
Package pdftex.def Info: Imagenes/solidworks_componentpreview_03.png  used on i
nput line 1205.
(pdftex.def)             Requested size: 331.51791pt x 179.46834pt.
<Imagenes/solidworks_componentpreview_04.png, id=938, 469.755pt x 234.8775pt>
File: Imagenes/solidworks_componentpreview_04.png Graphic file (type png)
<use Imagenes/solidworks_componentpreview_04.png>
Package pdftex.def Info: Imagenes/solidworks_componentpreview_04.png  used on i
nput line 1212.
(pdftex.def)             Requested size: 331.49988pt x 165.74992pt.


[96 <./Imagenes/solidworks_componentpreview_02.png> <./Imagenes/solidworks_comp
onentpreview_03.png>]
<Imagenes/solidworks_componentpreview_05.png, id=948, 469.755pt x 231.86626pt>
File: Imagenes/solidworks_componentpreview_05.png Graphic file (type png)
<use Imagenes/solidworks_componentpreview_05.png>
Package pdftex.def Info: Imagenes/solidworks_componentpreview_05.png  used on i
nput line 1219.
(pdftex.def)             Requested size: 331.49988pt x 163.62492pt.
<Imagenes/solidworks_componentpreview_06.png, id=949, 469.755pt x 231.86626pt>
File: Imagenes/solidworks_componentpreview_06.png Graphic file (type png)
<use Imagenes/solidworks_componentpreview_06.png>
Package pdftex.def Info: Imagenes/solidworks_componentpreview_06.png  used on i
nput line 1226.
(pdftex.def)             Requested size: 331.49988pt x 163.62492pt.


[97 <./Imagenes/solidworks_componentpreview_04.png> <./Imagenes/solidworks_comp
onentpreview_05.png>]
<Imagenes/solidworks_componentpreview_07.png, id=958, 469.755pt x 240.14719pt>
File: Imagenes/solidworks_componentpreview_07.png Graphic file (type png)
<use Imagenes/solidworks_componentpreview_07.png>
Package pdftex.def Info: Imagenes/solidworks_componentpreview_07.png  used on i
nput line 1233.
(pdftex.def)             Requested size: 331.49988pt x 169.46866pt.


[98 <./Imagenes/solidworks_componentpreview_06.png> <./Imagenes/solidworks_comp
onentpreview_07.png>]
Cap\'{\i }tulo 31.
<Imagenes/solidworks_copiarconctrl01.png, id=967, 916.1728pt x 632.3625pt>
File: Imagenes/solidworks_copiarconctrl01.png Graphic file (type png)
<use Imagenes/solidworks_copiarconctrl01.png>
Package pdftex.def Info: Imagenes/solidworks_copiarconctrl01.png  used on input
 line 1245.
(pdftex.def)             Requested size: 331.49951pt x 228.80821pt.


[99

 <./Imagenes/solidworks_copiarconctrl01.png>]
Cap\'{\i }tulo 32.
<Imagenes/solidworks_assemblyvisualization01.png, id=974, 225.09094pt x 140.023
13pt>
File: Imagenes/solidworks_assemblyvisualization01.png Graphic file (type png)
<use Imagenes/solidworks_assemblyvisualization01.png>
Package pdftex.def Info: Imagenes/solidworks_assemblyvisualization01.png  used 
on input line 1258.
(pdftex.def)             Requested size: 253.5083pt x 157.70082pt.
<Imagenes/solidworks_assemblyvisualization02.png, id=975, 651.93562pt x 588.699
37pt>
File: Imagenes/solidworks_assemblyvisualization02.png Graphic file (type png)
<use Imagenes/solidworks_assemblyvisualization02.png>
Package pdftex.def Info: Imagenes/solidworks_assemblyvisualization02.png  used 
on input line 1265.
(pdftex.def)             Requested size: 303.71394pt x 274.2544pt.


[100

 <./Imagenes/solidworks_assemblyvisualization01.png>]
<Imagenes/solidworks_assemblyvisualization03.png, id=982, 649.67719pt x 587.193
76pt>
File: Imagenes/solidworks_assemblyvisualization03.png Graphic file (type png)
<use Imagenes/solidworks_assemblyvisualization03.png>
Package pdftex.def Info: Imagenes/solidworks_assemblyvisualization03.png  used 
on input line 1272.
(pdftex.def)             Requested size: 303.43506pt x 274.25185pt.


[101 <./Imagenes/solidworks_assemblyvisualization02.png>]

[102 <./Imagenes/solidworks_assemblyvisualization03.png>]
Cap\'{\i }tulo 33.
<Imagenes/solidworks_macro_01.png, id=996, 350.05782pt x 75.28125pt>
File: Imagenes/solidworks_macro_01.png Graphic file (type png)
<use Imagenes/solidworks_macro_01.png>
Package pdftex.def Info: Imagenes/solidworks_macro_01.png  used on input line 1
287.
(pdftex.def)             Requested size: 331.52213pt x 71.29506pt.
<Imagenes/solidworks_macro_02.png, id=997, 485.56406pt x 497.60907pt>
File: Imagenes/solidworks_macro_02.png Graphic file (type png)
<use Imagenes/solidworks_macro_02.png>
Package pdftex.def Info: Imagenes/solidworks_macro_02.png  used on input line 1
294.
(pdftex.def)             Requested size: 267.61673pt x 274.2553pt.


[103

 <./Imagenes/solidworks_macro_01.png>]
<Imagenes/solidworks_macro_03.png, id=1004, 234.1247pt x 52.69687pt>
File: Imagenes/solidworks_macro_03.png Graphic file (type png)
<use Imagenes/solidworks_macro_03.png>
Package pdftex.def Info: Imagenes/solidworks_macro_03.png  used on input line 1
301.
(pdftex.def)             Requested size: 253.5118pt x 57.06052pt.

Overfull \hbox (17.62482pt too wide) in paragraph at lines 1310--1311
[][] 
 []

<Imagenes/solidworks_macro_04.png, id=1005, 245.41687pt x 231.86626pt>
File: Imagenes/solidworks_macro_04.png Graphic file (type png)
<use Imagenes/solidworks_macro_04.png>
Package pdftex.def Info: Imagenes/solidworks_macro_04.png  used on input line 1
318.
(pdftex.def)             Requested size: 214.50705pt x 202.6631pt.


[104 <./Imagenes/solidworks_macro_02.png> <./Imagenes/solidworks_macro_03.png>]
<Imagenes/solidworks_macro_07.png, id=1014, 420.06938pt x 76.78688pt>
File: Imagenes/solidworks_macro_07.png Graphic file (type png)
<use Imagenes/solidworks_macro_07.png>
Package pdftex.def Info: Imagenes/solidworks_macro_07.png  used on input line 1
327.
(pdftex.def)             Requested size: 331.50505pt x 60.59769pt.

Overfull \hbox (1.03615pt too wide) in paragraph at lines 1337--1338
\OT1/cmr/m/n/12 en $\OT1/cmtt/m/n/12 \ \ intradeserver \ Ingenieria \ 13 Usuari
os \ Alberto _ M \ scroll _ item _
 []

<Imagenes/solidworks_macro_08.png, id=1015, 245.41687pt x 231.86626pt>
File: Imagenes/solidworks_macro_08.png Graphic file (type png)
<use Imagenes/solidworks_macro_08.png>
Package pdftex.def Info: Imagenes/solidworks_macro_08.png  used on input line 1
341.
(pdftex.def)             Requested size: 214.50705pt x 202.6631pt.


[105 <./Imagenes/solidworks_macro_04.png> <./Imagenes/solidworks_macro_07.png>]
<Imagenes/solidworks_macro_09.png, id=1024, 686.565pt x 520.19344pt>
File: Imagenes/solidworks_macro_09.png Graphic file (type png)
<use Imagenes/solidworks_macro_09.png>
Package pdftex.def Info: Imagenes/solidworks_macro_09.png  used on input line 1
351.
(pdftex.def)             Requested size: 175.49881pt x 132.96902pt.
<Imagenes/solidworks_macro_10.png, id=1025, 686.565pt x 520.94624pt>
File: Imagenes/solidworks_macro_10.png Graphic file (type png)
<use Imagenes/solidworks_macro_10.png>
Package pdftex.def Info: Imagenes/solidworks_macro_10.png  used on input line 1
356.
(pdftex.def)             Requested size: 175.49881pt x 133.16147pt.

Overfull \hbox (6.99776pt too wide) in paragraph at lines 1364--1364
[]\OT1/cmr/bx/n/17.28 Horizontal and Alig-ned Di-men-sion Swap 
 []



[106 <./Imagenes/solidworks_macro_08.png> <./Imagenes/solidworks_macro_09.png> 
<./Imagenes/solidworks_macro_10.png>]
<Imagenes/solidworks_macro_11.png, id=1035, 245.41687pt x 231.86626pt>
File: Imagenes/solidworks_macro_11.png Graphic file (type png)
<use Imagenes/solidworks_macro_11.png>
Package pdftex.def Info: Imagenes/solidworks_macro_11.png  used on input line 1
374.
(pdftex.def)             Requested size: 214.50705pt x 202.6631pt.
<Imagenes/solidworks_macro_12.png, id=1036, 469.755pt x 213.79875pt>
File: Imagenes/solidworks_macro_12.png Graphic file (type png)
<use Imagenes/solidworks_macro_12.png>
Package pdftex.def Info: Imagenes/solidworks_macro_12.png  used on input line 1
384.
(pdftex.def)             Requested size: 175.49881pt x 79.87419pt.
<Imagenes/solidworks_macro_13.png, id=1037, 469.755pt x 211.54031pt>
File: Imagenes/solidworks_macro_13.png Graphic file (type png)
<use Imagenes/solidworks_macro_13.png>
Package pdftex.def Info: Imagenes/solidworks_macro_13.png  used on input line 1
389.
(pdftex.def)             Requested size: 175.49881pt x 79.03044pt.


[107 <./Imagenes/solidworks_macro_11.png> <./Imagenes/solidworks_macro_12.png> 
<./Imagenes/solidworks_macro_13.png>]
<Imagenes/solidworks_macro_14.png, id=1047, 245.41687pt x 231.86626pt>
File: Imagenes/solidworks_macro_14.png Graphic file (type png)
<use Imagenes/solidworks_macro_14.png>
Package pdftex.def Info: Imagenes/solidworks_macro_14.png  used on input line 1
405.
(pdftex.def)             Requested size: 290.30463pt x 274.27554pt.


[108 <./Imagenes/solidworks_macro_14.png>]
<Imagenes/solidworks_macro_15.png, id=1055, 444.15938pt x 511.15968pt>
File: Imagenes/solidworks_macro_15.png Graphic file (type png)
<use Imagenes/solidworks_macro_15.png>
Package pdftex.def Info: Imagenes/solidworks_macro_15.png  used on input line 1
417.
(pdftex.def)             Requested size: 175.49881pt x 201.97215pt.
<Imagenes/solidworks_macro_16.png, id=1056, 443.40656pt x 512.66531pt>
File: Imagenes/solidworks_macro_16.png Graphic file (type png)
<use Imagenes/solidworks_macro_16.png>
Package pdftex.def Info: Imagenes/solidworks_macro_16.png  used on input line 1
422.
(pdftex.def)             Requested size: 175.49881pt x 202.91125pt.
<Imagenes/solidworks_isoviews_01.png, id=1057, 199.49532pt x 462.22687pt>
File: Imagenes/solidworks_isoviews_01.png Graphic file (type png)
<use Imagenes/solidworks_isoviews_01.png>
Package pdftex.def Info: Imagenes/solidworks_isoviews_01.png  used on input lin
e 1437.
(pdftex.def)             Requested size: 201.22383pt x 466.23184pt.


[109 <./Imagenes/solidworks_macro_15.png> <./Imagenes/solidworks_macro_16.png>]


[110 <./Imagenes/solidworks_isoviews_01.png>]
Cap\'{\i }tulo 34.
<Imagenes/solidworks_feetin01.png, id=1071, 179.92218pt x 310.15875pt>
File: Imagenes/solidworks_feetin01.png Graphic file (type png)
<use Imagenes/solidworks_feetin01.png>
Package pdftex.def Info: Imagenes/solidworks_feetin01.png  used on input line 1
449.
(pdftex.def)             Requested size: 136.50238pt x 235.32555pt.
<Imagenes/solidworks_feetin02.png, id=1072, 178.41656pt x 308.65312pt>
File: Imagenes/solidworks_feetin02.png Graphic file (type png)
<use Imagenes/solidworks_feetin02.png>
Package pdftex.def Info: Imagenes/solidworks_feetin02.png  used on input line 1
454.
(pdftex.def)             Requested size: 136.50238pt x 236.15182pt.


[111

 <./Imagenes/solidworks_feetin01.png> <./Imagenes/solidworks_feetin02.png>]
Cap\'{\i }tulo 35.
<Imagenes/solidworks_dual_units01.png, id=1080, 300.3722pt x 231.11343pt>
File: Imagenes/solidworks_dual_units01.png Graphic file (type png)
<use Imagenes/solidworks_dual_units01.png>
Package pdftex.def Info: Imagenes/solidworks_dual_units01.png  used on input li
ne 1467.
(pdftex.def)             Requested size: 214.50781pt x 165.04736pt.
<Imagenes/solidworks_dual_units02.png, id=1081, 173.14688pt x 429.10312pt>
File: Imagenes/solidworks_dual_units02.png Graphic file (type png)
<use Imagenes/solidworks_dual_units02.png>
Package pdftex.def Info: Imagenes/solidworks_dual_units02.png  used on input li
ne 1474.
(pdftex.def)             Requested size: 110.66302pt x 274.25185pt.


[112

 <./Imagenes/solidworks_dual_units01.png>]
<Imagenes/solidworks_dual_units03.png, id=1088, 300.3722pt x 275.52937pt>
File: Imagenes/solidworks_dual_units03.png Graphic file (type png)
<use Imagenes/solidworks_dual_units03.png>
Package pdftex.def Info: Imagenes/solidworks_dual_units03.png  used on input li
ne 1481.
(pdftex.def)             Requested size: 209.2966pt x 191.98634pt.


[113 <./Imagenes/solidworks_dual_units02.png>]

[114 <./Imagenes/solidworks_dual_units03.png>]
Cap\'{\i }tulo 36.
<Imagenes/solidworks_ciclarcona01.png, id=1102, 179.92218pt x 311.66437pt>
File: Imagenes/solidworks_ciclarcona01.png Graphic file (type png)
<use Imagenes/solidworks_ciclarcona01.png>
Package pdftex.def Info: Imagenes/solidworks_ciclarcona01.png  used on input li
ne 1494.
(pdftex.def)             Requested size: 136.50238pt x 236.46791pt.
<Imagenes/solidworks_ciclarcona02.png, id=1103, 178.41656pt x 307.90031pt>
File: Imagenes/solidworks_ciclarcona02.png Graphic file (type png)
<use Imagenes/solidworks_ciclarcona02.png>
Package pdftex.def Info: Imagenes/solidworks_ciclarcona02.png  used on input li
ne 1499.
(pdftex.def)             Requested size: 136.50238pt x 235.57585pt.


[115

 <./Imagenes/solidworks_ciclarcona01.png> <./Imagenes/solidworks_ciclarcona02.p
ng>]
Cap\'{\i }tulo 37.
<Imagenes/solidworks_curvaconlinea01.png, id=1111, 669.2503pt x 358.33875pt>
File: Imagenes/solidworks_curvaconlinea01.png Graphic file (type png)
<use Imagenes/solidworks_curvaconlinea01.png>
Package pdftex.def Info: Imagenes/solidworks_curvaconlinea01.png  used on input
 line 1512.
(pdftex.def)             Requested size: 331.50969pt x 177.50125pt.
<Imagenes/solidworks_curvaconlinea02.png, id=1112, 671.50874pt x 357.58594pt>
File: Imagenes/solidworks_curvaconlinea02.png Graphic file (type png)
<use Imagenes/solidworks_curvaconlinea02.png>
Package pdftex.def Info: Imagenes/solidworks_curvaconlinea02.png  used on input
 line 1519.
(pdftex.def)             Requested size: 331.5013pt x 176.52815pt.
<Imagenes/solidworks_curvaconlinea03.png, id=1113, 672.26157pt x 356.83313pt>
File: Imagenes/solidworks_curvaconlinea03.png Graphic file (type png)
<use Imagenes/solidworks_curvaconlinea03.png>
Package pdftex.def Info: Imagenes/solidworks_curvaconlinea03.png  used on input
 line 1525.
(pdftex.def)             Requested size: 331.50365pt x 175.9605pt.


[116

 <./Imagenes/solidworks_curvaconlinea01.png>]

[117 <./Imagenes/solidworks_curvaconlinea02.png> <./Imagenes/solidworks_curvaco
nlinea03.png>]
Cap\'{\i }tulo 38.
<Imagenes/solidworks_multileader01.png, id=1128, 845.40843pt x 310.15875pt>
File: Imagenes/solidworks_multileader01.png Graphic file (type png)
<use Imagenes/solidworks_multileader01.png>
Package pdftex.def Info: Imagenes/solidworks_multileader01.png  used on input l
ine 1537.
(pdftex.def)             Requested size: 331.50104pt x 121.61926pt.


[118

 <./Imagenes/solidworks_multileader01.png>]
<Imagenes/solidworks_multileader02.png, id=1135, 843.15pt x 309.40594pt>
File: Imagenes/solidworks_multileader02.png Graphic file (type png)
<use Imagenes/solidworks_multileader02.png>
Package pdftex.def Info: Imagenes/solidworks_multileader02.png  used on input l
ine 1549.
(pdftex.def)             Requested size: 331.50317pt x 121.64983pt.


[119 <./Imagenes/solidworks_multileader02.png>]
Cap\'{\i }tulo 39.
<Imagenes/solidworks_virtual_sharps01.png, id=1142, 797.22844pt x 358.33875pt>
File: Imagenes/solidworks_virtual_sharps01.png Graphic file (type png)
<use Imagenes/solidworks_virtual_sharps01.png>
Package pdftex.def Info: Imagenes/solidworks_virtual_sharps01.png  used on inpu
t line 1560.
(pdftex.def)             Requested size: 370.5006pt x 166.53284pt.
<Imagenes/solidworks_virtual_sharps02.png, id=1143, 783.67781pt x 243.15843pt>
File: Imagenes/solidworks_virtual_sharps02.png Graphic file (type png)
<use Imagenes/solidworks_virtual_sharps02.png>
Package pdftex.def Info: Imagenes/solidworks_virtual_sharps02.png  used on inpu
t line 1567.
(pdftex.def)             Requested size: 370.50496pt x 114.95975pt.


[120

 <./Imagenes/solidworks_virtual_sharps01.png>]
Overfull \hbox (17.62482pt too wide) in paragraph at lines 1573--1574
[][] 
 []

<Imagenes/solidworks_virtual_sharps03.png, id=1151, 1145.78062pt x 396.7322pt>
File: Imagenes/solidworks_virtual_sharps03.png Graphic file (type png)
<use Imagenes/solidworks_virtual_sharps03.png>
Package pdftex.def Info: Imagenes/solidworks_virtual_sharps03.png  used on inpu
t line 1577.
(pdftex.def)             Requested size: 370.50359pt x 128.28868pt.


[121 <./Imagenes/solidworks_virtual_sharps02.png> <./Imagenes/solidworks_virtua
l_sharps03.png>]
Cap\'{\i }tulo 40.
<Imagenes/solidworks_addtostack01.png, id=1161, 477.28313pt x 437.38406pt>
File: Imagenes/solidworks_addtostack01.png Graphic file (type png)
<use Imagenes/solidworks_addtostack01.png>
Package pdftex.def Info: Imagenes/solidworks_addtostack01.png  used on input li
ne 1590.
(pdftex.def)             Requested size: 299.26982pt x 274.25198pt.


[122

]
<Imagenes/solidworks_addtostack02.png, id=1166, 336.50719pt x 176.15813pt>
File: Imagenes/solidworks_addtostack02.png Graphic file (type png)
<use Imagenes/solidworks_addtostack02.png>
Package pdftex.def Info: Imagenes/solidworks_addtostack02.png  used on input li
ne 1599.
(pdftex.def)             Requested size: 331.50516pt x 173.53961pt.
<Imagenes/solidworks_addtoordinate01.png, id=1167, 535.2497pt x 413.29407pt>
File: Imagenes/solidworks_addtoordinate01.png Graphic file (type png)
<use Imagenes/solidworks_addtoordinate01.png>
Package pdftex.def Info: Imagenes/solidworks_addtoordinate01.png  used on input
 line 1610.
(pdftex.def)             Requested size: 331.51653pt x 255.9811pt.


[123 <./Imagenes/solidworks_addtostack01.png> <./Imagenes/solidworks_addtostack
02.png>]

[124 <./Imagenes/solidworks_addtoordinate01.png>]
<Imagenes/solidworks_addtoordinate02.png, id=1182, 532.99126pt x 414.04688pt>
File: Imagenes/solidworks_addtoordinate02.png Graphic file (type png)
<use Imagenes/solidworks_addtoordinate02.png>
Package pdftex.def Info: Imagenes/solidworks_addtoordinate02.png  used on input
 line 1621.
(pdftex.def)             Requested size: 331.50842pt x 257.52773pt.


[125 <./Imagenes/solidworks_addtoordinate02.png>]
Cap\'{\i }tulo 41.
<Imagenes/solidworks_addin_01.png, id=1189, 417.05812pt x 727.96968pt>
File: Imagenes/solidworks_addin_01.png Graphic file (type png)
<use Imagenes/solidworks_addin_01.png>
Package pdftex.def Info: Imagenes/solidworks_addin_01.png  used on input line 1
634.
(pdftex.def)             Requested size: 172.83406pt x 301.67969pt.


[126

]
<Imagenes/solidworks_addin_02.png, id=1195, 312.41719pt x 391.4625pt>
File: Imagenes/solidworks_addin_02.png Graphic file (type png)
<use Imagenes/solidworks_addin_02.png>
Package pdftex.def Info: Imagenes/solidworks_addin_02.png  used on input line 1
645.
(pdftex.def)             Requested size: 218.88597pt x 274.26677pt.


[127 <./Imagenes/solidworks_addin_01.png>]

[128 <./Imagenes/solidworks_addin_02.png>]
Cap\'{\i }tulo 42.
<Imagenes/solidworks_sheetmetalgauge_01.png, id=1208, 286.06876pt x 95.6072pt>
File: Imagenes/solidworks_sheetmetalgauge_01.png Graphic file (type png)
<use Imagenes/solidworks_sheetmetalgauge_01.png>
Package pdftex.def Info: Imagenes/solidworks_sheetmetalgauge_01.png  used on in
put line 1658.
(pdftex.def)             Requested size: 331.50824pt x 110.79353pt.
<Imagenes/solidworks_sheetmetalgauge_02.png, id=1209, 651.93562pt x 575.90157pt
>
File: Imagenes/solidworks_sheetmetalgauge_02.png Graphic file (type png)
<use Imagenes/solidworks_sheetmetalgauge_02.png>
Package pdftex.def Info: Imagenes/solidworks_sheetmetalgauge_02.png  used on in
put line 1665.
(pdftex.def)             Requested size: 310.46844pt x 274.2591pt.


[129

 <./Imagenes/solidworks_sheetmetalgauge_01.png>]
<Imagenes/solidworks_sheetmetalgauge_03.png, id=1216, 712.16063pt x 401.24907pt
>
File: Imagenes/solidworks_sheetmetalgauge_03.png Graphic file (type png)
<use Imagenes/solidworks_sheetmetalgauge_03.png>
Package pdftex.def Info: Imagenes/solidworks_sheetmetalgauge_03.png  used on in
put line 1672.
(pdftex.def)             Requested size: 331.49901pt x 186.7748pt.

Overfull \hbox (87.36514pt too wide) in paragraph at lines 1677--1678
[]\OT1/cmr/m/n/12 El di-rec-to-rio se en-cuen-tra en $\OT1/cmtt/m/n/12 \ \ intr
adeserver \ Ingenieria \ 20 Solidworks templates \
 []



[130 <./Imagenes/solidworks_sheetmetalgauge_02.png> <./Imagenes/solidworks_shee
tmetalgauge_03.png>]
<Imagenes/solidworks_sheetmetalgauge_04.png, id=1225, 654.94687pt x 545.03625pt
>
File: Imagenes/solidworks_sheetmetalgauge_04.png Graphic file (type png)
<use Imagenes/solidworks_sheetmetalgauge_04.png>
Package pdftex.def Info: Imagenes/solidworks_sheetmetalgauge_04.png  used on in
put line 1685.
(pdftex.def)             Requested size: 329.55132pt x 274.2473pt.
<Imagenes/solidworks_sheetmetalgauge_05.png, id=1226, 654.19406pt x 544.28343pt
>
File: Imagenes/solidworks_sheetmetalgauge_05.png Graphic file (type png)
<use Imagenes/solidworks_sheetmetalgauge_05.png>
Package pdftex.def Info: Imagenes/solidworks_sheetmetalgauge_05.png  used on in
put line 1692.
(pdftex.def)             Requested size: 329.62172pt x 274.24223pt.


[131 <./Imagenes/solidworks_sheetmetalgauge_04.png>]

[132 <./Imagenes/solidworks_sheetmetalgauge_05.png>]
Cap\'{\i }tulo 43.
<Imagenes/solidworks_updatecustomprop01.png, id=1240, 1073.51062pt x 566.115pt>

File: Imagenes/solidworks_updatecustomprop01.png Graphic file (type png)
<use Imagenes/solidworks_updatecustomprop01.png>
Package pdftex.def Info: Imagenes/solidworks_updatecustomprop01.png  used on in
put line 1703.
(pdftex.def)             Requested size: 331.4908pt x 174.81142pt.
<Imagenes/solidworks_updatecustomprop02.png, id=1241, 359.84438pt x 342.5297pt>

File: Imagenes/solidworks_updatecustomprop02.png Graphic file (type png)
<use Imagenes/solidworks_updatecustomprop02.png>
Package pdftex.def Info: Imagenes/solidworks_updatecustomprop02.png  used on in
put line 1710.
(pdftex.def)             Requested size: 201.68718pt x 191.98256pt.


[133

 <./Imagenes/solidworks_updatecustomprop01.png>]
<Imagenes/solidworks_updatecustomprop03.png, id=1248, 359.84438pt x 342.5297pt>

File: Imagenes/solidworks_updatecustomprop03.png Graphic file (type png)
<use Imagenes/solidworks_updatecustomprop03.png>
Package pdftex.def Info: Imagenes/solidworks_updatecustomprop03.png  used on in
put line 1717.
(pdftex.def)             Requested size: 201.68718pt x 191.98256pt.


[134 <./Imagenes/solidworks_updatecustomprop02.png> <./Imagenes/solidworks_upda
tecustomprop03.png>]
<Imagenes/solidworks_updatecustomprop04.png, id=1257, 222.07968pt x 213.04594pt
>
File: Imagenes/solidworks_updatecustomprop04.png Graphic file (type png)
<use Imagenes/solidworks_updatecustomprop04.png>
Package pdftex.def Info: Imagenes/solidworks_updatecustomprop04.png  used on in
put line 1728.
(pdftex.def)             Requested size: 200.13078pt x 191.98987pt.


[135

 <./Imagenes/solidworks_updatecustomprop04.png>]

[136

]
Ap\'{e}ndice A.

(C:\Users\alberto.martinez\AppData\Local\Programs\MiKTeX\tex/latex/listings\lst
lang1.sty
File: lstlang1.sty 2024/09/23 1.10c listings language file
)
(C:\Users\alberto.martinez\AppData\Local\Programs\MiKTeX\tex/latex/listings\lst
lang2.sty
File: lstlang2.sty 2024/09/23 1.10c listings language file
)
(C:\Users\alberto.martinez\AppData\Local\Programs\MiKTeX\tex/latex/listings\lst
lang1.sty
File: lstlang1.sty 2024/09/23 1.10c listings language file
)
(C:\Users\alberto.martinez\AppData\Local\Programs\MiKTeX\tex/latex/listings\lst
lang2.sty
File: lstlang2.sty 2024/09/23 1.10c listings language file
)

[137

]
Ap\'{e}ndice B.


[138

]
Ap\'{e}ndice C.
LaTeX Font Info:    Trying to load font information for OMS+cmr on input line 1
771.

(C:\Users\alberto.martinez\AppData\Local\Programs\MiKTeX\tex/latex/base\omscmr.
fd
File: omscmr.fd 2024/11/19 v2.5n Standard LaTeX font definitions
)
LaTeX Font Info:    Font shape `OMS/cmr/m/n' in size <10> not available
(Font)              Font shape `OMS/cmsy/m/n' tried instead on input line 1771.



[139

]
Ap\'{e}ndice D.
LaTeX Font Info:    Trying to load font information for OML+cmr on input line 1
794.

(C:\Users\alberto.martinez\AppData\Local\Programs\MiKTeX\tex/latex/base\omlcmr.
fd
File: omlcmr.fd 2024/11/19 v2.5n Standard LaTeX font definitions
)
LaTeX Font Info:    Font shape `OML/cmr/m/n' in size <10> not available
(Font)              Font shape `OML/cmm/m/it' tried instead on input line 1794.



[140

]

[141]
Ap\'{e}ndice E.


[142

]

[143]

[144]

[145]

[146]

[147]
Ap\'{e}ndice F.


[148

]

[149]

[150]

[151]

[152]

[153]

[154]

[155]
Ap\'{e}ndice G.


[156

]
Ap\'{e}ndice H.


[157

]

[158]
Ap\'{e}ndice I.


[159

]

[160]
Ap\'{e}ndice J.

Overfull \hbox (50.00427pt too wide) in paragraph at lines 2441--2442
[][][][] 
 []


Overfull \hbox (44.00421pt too wide) in paragraph at lines 2443--2444
[][][][] 
 []



[161

]

[162]

[163]
Ap\'{e}ndice K.
<Imagenes/apendice_anotative_01.png, id=2140, 414.04688pt x 272.51813pt>
File: Imagenes/apendice_anotative_01.png Graphic file (type png)
<use Imagenes/apendice_anotative_01.png>
Package pdftex.def Info: Imagenes/apendice_anotative_01.png  used on input line
 2555.
(pdftex.def)             Requested size: 331.5096pt x 218.19359pt.


[164

 <./Imagenes/apendice_anotative_01.png>]
<Imagenes/apendice_anotative_02.png, id=2147, 215.30438pt x 87.32625pt>
File: Imagenes/apendice_anotative_02.png Graphic file (type png)
<use Imagenes/apendice_anotative_02.png>
Package pdftex.def Info: Imagenes/apendice_anotative_02.png  used on input line
 2566.
(pdftex.def)             Requested size: 331.53691pt x 134.46951pt.


[165 <./Imagenes/apendice_anotative_02.png>]
<Imagenes/apendice_anotative_03.png, id=2154, 345.54094pt x 422.32782pt>
File: Imagenes/apendice_anotative_03.png Graphic file (type png)
<use Imagenes/apendice_anotative_03.png>
Package pdftex.def Info: Imagenes/apendice_anotative_03.png  used on input line
 2579.
(pdftex.def)             Requested size: 224.39331pt x 274.2585pt.
<Imagenes/apendice_anotative_04.png, id=2155, 615.0478pt x 514.17094pt>
File: Imagenes/apendice_anotative_04.png Graphic file (type png)
<use Imagenes/apendice_anotative_04.png>
Package pdftex.def Info: Imagenes/apendice_anotative_04.png  used on input line
 2590.
(pdftex.def)             Requested size: 328.05722pt x 274.25102pt.


[166 <./Imagenes/apendice_anotative_03.png>]
<Imagenes/apendice_anotative_05.png, id=2162, 251.43938pt x 248.42813pt>
File: Imagenes/apendice_anotative_05.png Graphic file (type png)
<use Imagenes/apendice_anotative_05.png>
Package pdftex.def Info: Imagenes/apendice_anotative_05.png  used on input line
 2597.
(pdftex.def)             Requested size: 277.59703pt x 274.27252pt.


[167 <./Imagenes/apendice_anotative_04.png>]
<Imagenes/apendice_anotative_06.png, id=2169, 283.81032pt x 236.38312pt>
File: Imagenes/apendice_anotative_06.png Graphic file (type png)
<use Imagenes/apendice_anotative_06.png>
Package pdftex.def Info: Imagenes/apendice_anotative_06.png  used on input line
 2605.
(pdftex.def)             Requested size: 175.49881pt x 146.17729pt.
<Imagenes/apendice_anotative_07.png, id=2170, 283.81032pt x 236.38312pt>
File: Imagenes/apendice_anotative_07.png Graphic file (type png)
<use Imagenes/apendice_anotative_07.png>
Package pdftex.def Info: Imagenes/apendice_anotative_07.png  used on input line
 2610.
(pdftex.def)             Requested size: 175.49881pt x 146.17729pt.


[168 <./Imagenes/apendice_anotative_05.png> <./Imagenes/apendice_anotative_06.p
ng> <./Imagenes/apendice_anotative_07.png>]
<Imagenes/apendice_anotative_08.png, id=2181, 1179.65718pt x 266.49562pt>
File: Imagenes/apendice_anotative_08.png Graphic file (type png)
<use Imagenes/apendice_anotative_08.png>
Package pdftex.def Info: Imagenes/apendice_anotative_08.png  used on input line
 2633.
(pdftex.def)             Requested size: 370.49597pt x 83.6985pt.
<Imagenes/apendice_anotative_09.png, id=2182, 241.65282pt x 297.36093pt>
File: Imagenes/apendice_anotative_09.png Graphic file (type png)
<use Imagenes/apendice_anotative_09.png>
Package pdftex.def Info: Imagenes/apendice_anotative_09.png  used on input line
 2644.
(pdftex.def)             Requested size: 222.88376pt x 274.26505pt.


[169 <./Imagenes/apendice_anotative_08.png>]
<Imagenes/apendice_anotative_10.png, id=2191, 1169.11781pt x 265.74281pt>
File: Imagenes/apendice_anotative_10.png Graphic file (type png)
<use Imagenes/apendice_anotative_10.png>
Package pdftex.def Info: Imagenes/apendice_anotative_10.png  used on input line
 2651.
(pdftex.def)             Requested size: 370.50397pt x 84.21628pt.


[170 <./Imagenes/apendice_anotative_09.png> <./Imagenes/apendice_anotative_10.p
ng>] (Recomendaciones-Alberto.aux
LaTeX Info: Redefining \. on input line 9.
LaTeX Info: Redefining \% on input line 9.
)
 ***********
LaTeX2e <2024-11-01> patch level 2
L3 programming layer <2025-01-18>
 ***********
 ) 
Here is how much of TeX's memory you used:
 18631 strings out of 473523
 345312 string characters out of 5709306
 1026365 words of memory out of 5000000
 40483 multiletter control sequences out of 15000+600000
 568171 words of font info for 68 fonts, out of 8000000 for 9000
 1141 hyphenation exceptions out of 8191
 89i,8n,93p,603b,2208s stack positions out of 10000i,1000n,20000p,200000b,200000s
 <C:\Users\alberto.martinez\AppData\Local\MiKTeX\fonts/pk/ljfour/jknappen/ec/
dpi600\tcrm1000.pk> <C:\Users\alberto.martinez\AppData\Local\MiKTeX\fonts/pk/lj
four/jknappen/ec/dpi600\tcrm1200.pk><C:/Users/alberto.martinez/AppData/Local/Pr
ograms/MiKTeX/fonts/type1/public/amsfonts/cm/cmbx12.pfb><C:/Users/alberto.marti
nez/AppData/Local/Programs/MiKTeX/fonts/type1/public/amsfonts/cm/cmmi10.pfb><C:
/Users/alberto.martinez/AppData/Local/Programs/MiKTeX/fonts/type1/public/amsfon
ts/cm/cmr10.pfb><C:/Users/alberto.martinez/AppData/Local/Programs/MiKTeX/fonts/
type1/public/amsfonts/cm/cmr12.pfb><C:/Users/alberto.martinez/AppData/Local/Pro
grams/MiKTeX/fonts/type1/public/amsfonts/cm/cmr17.pfb><C:/Users/alberto.martine
z/AppData/Local/Programs/MiKTeX/fonts/type1/public/amsfonts/cm/cmr6.pfb><C:/Use
rs/alberto.martinez/AppData/Local/Programs/MiKTeX/fonts/type1/public/amsfonts/c
m/cmr8.pfb><C:/Users/alberto.martinez/AppData/Local/Programs/MiKTeX/fonts/type1
/public/amsfonts/cm/cmssbx10.pfb><C:/Users/alberto.martinez/AppData/Local/Progr
ams/MiKTeX/fonts/type1/public/amsfonts/cm/cmsy10.pfb><C:/Users/alberto.martinez
/AppData/Local/Programs/MiKTeX/fonts/type1/public/amsfonts/cm/cmti10.pfb><C:/Us
ers/alberto.martinez/AppData/Local/Programs/MiKTeX/fonts/type1/public/amsfonts/
cm/cmti12.pfb><C:/Users/alberto.martinez/AppData/Local/Programs/MiKTeX/fonts/ty
pe1/public/amsfonts/cm/cmtt12.pfb>
Output written on Recomendaciones-Alberto.pdf (171 pages, 7009617 bytes).
PDF statistics:
 2814 PDF objects out of 2984 (max. 8388607)
 1196 named destinations out of 1200 (max. 500000)
 1687 words of extra memory for PDF output out of 10000 (max. 10000000)

